#
# A fatal error has been detected by the Java Runtime Environment:
#
#  EXCEPTION_ACCESS_VIOLATION (0xc0000005) at pc=0x0000000068f3537b, pid=8968, tid=0x000000000000230c
#
# JRE version: Java(TM) SE Runtime Environment (8.0_191-b12) (build 1.8.0_191-b12)
# Java VM: Java HotSpot(TM) 64-Bit Server VM (25.191-b12 mixed mode windows-amd64 compressed oops)
# Problematic frame:
# V  [jvm.dll+0x11537b]
#
# Failed to write core dump. Minidumps are not enabled by default on client versions of Windows
#
# If you would like to submit a bug report, please visit:
#   http://bugreport.java.com/bugreport/crash.jsp
#

---------------  T H R E A D  ---------------

Current thread (0x0000000002604800):  GCTaskThread [stack: 0x00000000123a0000,0x00000000124a0000] [id=8972]

siginfo: ExceptionCode=0xc0000005, reading address 0x0000000000000008

Registers:
RAX=0x00000000126c0000, RBX=0x00000000f6eefad8, RCX=0x0000000000000000, RDX=0x0000000000000001
RSP=0x000000001249f450, RBP=0x00000000f6eef8bc, RSI=0x0000000000000003, RDI=0x00000000551bd240
R8 =0x0000000000000000, R9 =0x0000000000000003, R10=0x000000000000000c, R11=0x00000000000015e6
R12=0x00000000f6eef8c0, R13=0x00000000148b91e8, R14=0x00000000148b91f0, R15=0x00000000f6eef868
RIP=0x0000000068f3537b, EFLAGS=0x0000000000010246

Top of Stack: (sp=0x000000001249f450)
0x000000001249f450:   00000000f6eefab0 00000000f6eef8ac
0x000000001249f460:   0000000000000003 00000000551bd240
0x000000001249f470:   0000000000000000 0000000002604bc0
0x000000001249f480:   00000000026027b0 00000000551bd240
0x000000001249f490:   00000000000015e1 000000006921a6b0
0x000000001249f4a0:   00000000556faf70 000000001249f5b9
0x000000001249f4b0:   00000000551bd240 000000006947ab38
0x000000001249f4c0:   00000000556f0128 000000001249f5b9
0x000000001249f4d0:   0000000000000000 0000000000000004
0x000000001249f4e0:   00000000551bd240 0000000068f33f12
0x000000001249f4f0:   00000000c03f2f20 0000000000000000
0x000000001249f500:   0000000000000000 00000000026027b0
0x000000001249f510:   0000000002604bd0 0000000002604bc0
0x000000001249f520:   000000006947ab38 00000000551bd240
0x000000001249f530:   0000000000000000 000000001249f5b9
0x000000001249f540:   0000000055125540 00000000692178c0 

Instructions: (pc=0x0000000068f3537b)
0x0000000068f3535b:   6f 00 84 d2 74 16 44 8b 43 08 8b 0d fd 24 69 00
0x0000000068f3536b:   49 d3 e0 4c 03 05 eb 24 69 00 eb 04 4c 8b 43 08
0x0000000068f3537b:   45 8b 48 08 45 85 c9 7e 0c 41 f6 c1 01 75 4b 41
0x0000000068f3538b:   c1 f9 03 eb 57 79 43 84 d2 41 8b c9 b8 10 00 00 


Register to memory mapping:

RAX=0x00000000126c0000 is an unknown value
RBX=0x00000000f6eefad8 is an unknown value
RCX=0x0000000000000000 is an unknown value
RDX=0x0000000000000001 is an unknown value
RSP=0x000000001249f450 is an unknown value
RBP=0x00000000f6eef8bc is an unknown value
RSI=0x0000000000000003 is an unknown value
RDI=0x00000000551bd240 is an unknown value
R8 =0x0000000000000000 is an unknown value
R9 =0x0000000000000003 is an unknown value
R10=0x000000000000000c is an unknown value
R11=0x00000000000015e6 is an unknown value
R12=0x00000000f6eef8c0 is an oop
java.util.LinkedHashMap 
 - klass: 'java/util/LinkedHashMap'
R13=0x00000000148b91e8 is pointing into metadata
R14=0x00000000148b91f0 is pointing into metadata
R15=0x00000000f6eef868 is an oop
java.lang.reflect.Method 
 - klass: 'java/lang/reflect/Method'


Stack: [0x00000000123a0000,0x00000000124a0000],  sp=0x000000001249f450,  free space=1021k
Native frames: (J=compiled Java code, j=interpreted, Vv=VM code, C=native code)
V  [jvm.dll+0x11537b]
V  [jvm.dll+0x3fa6b0]
V  [jvm.dll+0x3f78c0]
V  [jvm.dll+0x3f54ce]
V  [jvm.dll+0x29eb9a]
C  [msvcr100.dll+0x21d9f]
C  [msvcr100.dll+0x21e3b]
C  [kernel32.dll+0x1556d]
C  [ntdll.dll+0x5372d]


---------------  P R O C E S S  ---------------

Java Threads: ( => current thread )
  0x00000000595cd000 JavaThread "Druid-ConnectionPool-Destroy-2009591182" daemon [_thread_blocked, id=8880, stack(0x000000005b0b0000,0x000000005b1b0000)]
  0x00000000595ab000 JavaThread "Druid-ConnectionPool-Create-2009591182" daemon [_thread_blocked, id=8236, stack(0x000000005afa0000,0x000000005b0a0000)]
  0x0000000059592000 JavaThread "mysql-cj-abandoned-connection-cleanup" daemon [_thread_blocked, id=7380, stack(0x000000005add0000,0x000000005aed0000)]
  0x00000000594a3000 JavaThread "container-0" [_thread_blocked, id=8952, stack(0x0000000058560000,0x0000000058660000)]
  0x00000000594a2800 JavaThread "Catalina-utility-2" [_thread_blocked, id=8564, stack(0x0000000057840000,0x0000000057940000)]
  0x0000000059502000 JavaThread "Catalina-utility-1" [_thread_blocked, id=8632, stack(0x000000005ac70000,0x000000005ad70000)]
  0x0000000058a4c000 JavaThread "RMI Scheduler(0)" daemon [_thread_blocked, id=8344, stack(0x00000000573e0000,0x00000000574e0000)]
  0x0000000058a2e800 JavaThread "RMI TCP Connection(1)-172.18.0.120" daemon [_thread_blocked, id=7028, stack(0x0000000059d50000,0x0000000059e50000)]
  0x0000000056edd000 JavaThread "RMI TCP Accept-0" daemon [_thread_in_native, id=9160, stack(0x00000000581c0000,0x00000000582c0000)]
  0x0000000056c4c800 JavaThread "Service Thread" daemon [_thread_blocked, id=9156, stack(0x0000000057d00000,0x0000000057e00000)]
  0x0000000056bed000 JavaThread "C1 CompilerThread2" daemon [_thread_blocked, id=9152, stack(0x0000000057970000,0x0000000057a70000)]
  0x0000000056bce800 JavaThread "C2 CompilerThread1" daemon [_thread_blocked, id=5288, stack(0x0000000057740000,0x0000000057840000)]
  0x0000000056bcd800 JavaThread "C2 CompilerThread0" daemon [_thread_blocked, id=9120, stack(0x00000000575e0000,0x00000000576e0000)]
  0x0000000056bcc000 JavaThread "Monitor Ctrl-Break" daemon [_thread_in_native, id=9020, stack(0x00000000574e0000,0x00000000575e0000)]
  0x0000000056408000 JavaThread "Attach Listener" daemon [_thread_blocked, id=9028, stack(0x0000000056ab0000,0x0000000056bb0000)]
  0x00000000563eb000 JavaThread "Signal Dispatcher" daemon [_thread_blocked, id=9112, stack(0x0000000056920000,0x0000000056a20000)]
  0x000000005528a000 JavaThread "Finalizer" daemon [_thread_blocked, id=5352, stack(0x00000000562e0000,0x00000000563e0000)]
  0x0000000055288800 JavaThread "Reference Handler" daemon [_thread_blocked, id=8816, stack(0x00000000561c0000,0x00000000562c0000)]
  0x00000000025ed000 JavaThread "main" [_thread_blocked, id=8652, stack(0x00000000027b0000,0x00000000028b0000)]

Other Threads:
  0x0000000055241000 VMThread [stack: 0x0000000056080000,0x0000000056180000] [id=8300]
  0x0000000056ee9000 WatcherThread [stack: 0x0000000057a70000,0x0000000057b70000] [id=9208]

=>0x0000000002604800 (exited) GCTaskThread [stack: 0x00000000123a0000,0x00000000124a0000] [id=8972]

VM state:at safepoint (normal execution)

VM Mutex/Monitor currently owned by a thread:  ([mutex/lock_event])
[0x00000000025eb9b0] Threads_lock - owner thread: 0x0000000055241000
[0x00000000025ebeb0] Heap_lock - owner thread: 0x00000000025ed000

Heap:
 PSYoungGen      total 196608K, used 10561K [0x00000000eab80000, 0x00000000f7f00000, 0x0000000100000000)
  eden space 185856K, 0% used [0x00000000eab80000,0x00000000eab80000,0x00000000f6100000)
  from space 10752K, 98% used [0x00000000f6c80000,0x00000000f76d0458,0x00000000f7700000)
  to   space 11776K, 0% used [0x00000000f6100000,0x00000000f6100000,0x00000000f6c80000)
 ParOldGen       total 29696K, used 16973K [0x00000000c0200000, 0x00000000c1f00000, 0x00000000eab80000)
  object space 29696K, 57% used [0x00000000c0200000,0x00000000c12937c0,0x00000000c1f00000)
 Metaspace       used 33862K, capacity 35378K, committed 35496K, reserved 1079296K
  class space    used 4463K, capacity 4779K, committed 4864K, reserved 1048576K

Card table byte_map: [0x0000000011c70000,0x0000000011e70000] byte_map_base: 0x000000001166f000

Marking Bits: (ParMarkBitMap*) 0x0000000069643e30
 Begin Bits: [0x00000000126c0000, 0x00000000136b8000)
 End Bits:   [0x00000000136b8000, 0x00000000146b0000)

Polling page: 0x0000000000330000

CodeCache: size=245760Kb used=7303Kb max_used=7303Kb free=238456Kb
 bounds [0x00000000028b0000, 0x0000000002fe0000, 0x00000000118b0000]
 total_blobs=3800 nmethods=3376 adapters=338
 compilation: enabled

Compilation events (10 events):
Event: 5.490 Thread 0x0000000056bed000 3372       1       sun.reflect.generics.parser.SignatureParser::parseSuperInterfaces (51 bytes)
Event: 5.490 Thread 0x0000000056bed000 nmethod 3372 0x0000000002fd0490 code [0x0000000002fd0640, 0x0000000002fd0a28]
Event: 5.490 Thread 0x0000000056bed000 3373       1       sun.reflect.generics.parser.SignatureParser::parseClassSignature (37 bytes)
Event: 5.491 Thread 0x0000000056bed000 nmethod 3373 0x0000000002fd0d10 code [0x0000000002fd0ea0, 0x0000000002fd1178]
Event: 5.509 Thread 0x0000000056bed000 3374       1       java.util.regex.Matcher::find (69 bytes)
Event: 5.509 Thread 0x0000000056bed000 nmethod 3374 0x0000000002fd12d0 code [0x0000000002fd1440, 0x0000000002fd15e8]
Event: 5.514 Thread 0x0000000056bed000 3375       1       java.util.regex.ASCII::isType (15 bytes)
Event: 5.514 Thread 0x0000000056bed000 nmethod 3375 0x0000000002fd1690 code [0x0000000002fd17e0, 0x0000000002fd1930]
Event: 5.514 Thread 0x0000000056bed000 3376       1       java.util.regex.ASCII::getType (17 bytes)
Event: 5.514 Thread 0x0000000056bed000 nmethod 3376 0x0000000002fd1a10 code [0x0000000002fd1b60, 0x0000000002fd1c90]

GC Heap History (10 events):
Event: 2.596 GC heap after
Heap after GC invocations=7 (full 0):
 PSYoungGen      total 71680K, used 3088K [0x00000000eab80000, 0x00000000f3780000, 0x0000000100000000)
  eden space 64512K, 0% used [0x00000000eab80000,0x00000000eab80000,0x00000000eea80000)
  from space 7168K, 43% used [0x00000000eea80000,0x00000000eed84010,0x00000000ef180000)
  to   space 7168K, 0% used [0x00000000f3080000,0x00000000f3080000,0x00000000f3780000)
 ParOldGen       total 44032K, used 10241K [0x00000000c0200000, 0x00000000c2d00000, 0x00000000eab80000)
  object space 44032K, 23% used [0x00000000c0200000,0x00000000c0c00410,0x00000000c2d00000)
 Metaspace       used 20661K, capacity 21270K, committed 21296K, reserved 1067008K
  class space    used 2761K, capacity 2927K, committed 2944K, reserved 1048576K
}
Event: 2.596 GC heap before
{Heap before GC invocations=8 (full 1):
 PSYoungGen      total 71680K, used 3088K [0x00000000eab80000, 0x00000000f3780000, 0x0000000100000000)
  eden space 64512K, 0% used [0x00000000eab80000,0x00000000eab80000,0x00000000eea80000)
  from space 7168K, 43% used [0x00000000eea80000,0x00000000eed84010,0x00000000ef180000)
  to   space 7168K, 0% used [0x00000000f3080000,0x00000000f3080000,0x00000000f3780000)
 ParOldGen       total 44032K, used 10241K [0x00000000c0200000, 0x00000000c2d00000, 0x00000000eab80000)
  object space 44032K, 23% used [0x00000000c0200000,0x00000000c0c00410,0x00000000c2d00000)
 Metaspace       used 20661K, capacity 21270K, committed 21296K, reserved 1067008K
  class space    used 2761K, capacity 2927K, committed 2944K, reserved 1048576K
Event: 2.645 GC heap after
Heap after GC invocations=8 (full 1):
 PSYoungGen      total 71680K, used 0K [0x00000000eab80000, 0x00000000f3780000, 0x0000000100000000)
  eden space 64512K, 0% used [0x00000000eab80000,0x00000000eab80000,0x00000000eea80000)
  from space 7168K, 0% used [0x00000000eea80000,0x00000000eea80000,0x00000000ef180000)
  to   space 7168K, 0% used [0x00000000f3080000,0x00000000f3080000,0x00000000f3780000)
 ParOldGen       total 29696K, used 8335K [0x00000000c0200000, 0x00000000c1f00000, 0x00000000eab80000)
  object space 29696K, 28% used [0x00000000c0200000,0x00000000c0a23d00,0x00000000c1f00000)
 Metaspace       used 20661K, capacity 21270K, committed 21296K, reserved 1067008K
  class space    used 2761K, capacity 2927K, committed 2944K, reserved 1048576K
}
Event: 3.154 GC heap before
{Heap before GC invocations=9 (full 1):
 PSYoungGen      total 71680K, used 64512K [0x00000000eab80000, 0x00000000f3780000, 0x0000000100000000)
  eden space 64512K, 100% used [0x00000000eab80000,0x00000000eea80000,0x00000000eea80000)
  from space 7168K, 0% used [0x00000000eea80000,0x00000000eea80000,0x00000000ef180000)
  to   space 7168K, 0% used [0x00000000f3080000,0x00000000f3080000,0x00000000f3780000)
 ParOldGen       total 29696K, used 8335K [0x00000000c0200000, 0x00000000c1f00000, 0x00000000eab80000)
  object space 29696K, 28% used [0x00000000c0200000,0x00000000c0a23d00,0x00000000c1f00000)
 Metaspace       used 23950K, capacity 24784K, committed 24960K, reserved 1071104K
  class space    used 3164K, capacity 3370K, committed 3456K, reserved 1048576K
Event: 3.164 GC heap after
Heap after GC invocations=9 (full 1):
 PSYoungGen      total 128000K, used 5443K [0x00000000eab80000, 0x00000000f3600000, 0x0000000100000000)
  eden space 122368K, 0% used [0x00000000eab80000,0x00000000eab80000,0x00000000f2300000)
  from space 5632K, 96% used [0x00000000f3080000,0x00000000f35d0e20,0x00000000f3600000)
  to   space 7168K, 0% used [0x00000000f2800000,0x00000000f2800000,0x00000000f2f00000)
 ParOldGen       total 29696K, used 8407K [0x00000000c0200000, 0x00000000c1f00000, 0x00000000eab80000)
  object space 29696K, 28% used [0x00000000c0200000,0x00000000c0a35d10,0x00000000c1f00000)
 Metaspace       used 23950K, capacity 24784K, committed 24960K, reserved 1071104K
  class space    used 3164K, capacity 3370K, committed 3456K, reserved 1048576K
}
Event: 4.614 GC heap before
{Heap before GC invocations=10 (full 1):
 PSYoungGen      total 128000K, used 127811K [0x00000000eab80000, 0x00000000f3600000, 0x0000000100000000)
  eden space 122368K, 100% used [0x00000000eab80000,0x00000000f2300000,0x00000000f2300000)
  from space 5632K, 96% used [0x00000000f3080000,0x00000000f35d0e20,0x00000000f3600000)
  to   space 7168K, 0% used [0x00000000f2800000,0x00000000f2800000,0x00000000f2f00000)
 ParOldGen       total 29696K, used 8407K [0x00000000c0200000, 0x00000000c1f00000, 0x00000000eab80000)
  object space 29696K, 28% used [0x00000000c0200000,0x00000000c0a35d10,0x00000000c1f00000)
 Metaspace       used 30459K, capacity 31908K, committed 32128K, reserved 1077248K
  class space    used 4069K, capacity 4354K, committed 4480K, reserved 1048576K
Event: 4.653 GC heap after
Heap after GC invocations=10 (full 1):
 PSYoungGen      total 134656K, used 7156K [0x00000000eab80000, 0x00000000f7700000, 0x0000000100000000)
  eden space 127488K, 0% used [0x00000000eab80000,0x00000000eab80000,0x00000000f2800000)
  from space 7168K, 99% used [0x00000000f2800000,0x00000000f2efd050,0x00000000f2f00000)
  to   space 10752K, 0% used [0x00000000f6c80000,0x00000000f6c80000,0x00000000f7700000)
 ParOldGen       total 29696K, used 14460K [0x00000000c0200000, 0x00000000c1f00000, 0x00000000eab80000)
  object space 29696K, 48% used [0x00000000c0200000,0x00000000c101f060,0x00000000c1f00000)
 Metaspace       used 30459K, capacity 31908K, committed 32128K, reserved 1077248K
  class space    used 4069K, capacity 4354K, committed 4480K, reserved 1048576K
}
Event: 5.537 GC heap before
{Heap before GC invocations=11 (full 1):
 PSYoungGen      total 134656K, used 98894K [0x00000000eab80000, 0x00000000f7700000, 0x0000000100000000)
  eden space 127488K, 71% used [0x00000000eab80000,0x00000000f05167f8,0x00000000f2800000)
  from space 7168K, 99% used [0x00000000f2800000,0x00000000f2efd050,0x00000000f2f00000)
  to   space 10752K, 0% used [0x00000000f6c80000,0x00000000f6c80000,0x00000000f7700000)
 ParOldGen       total 29696K, used 14460K [0x00000000c0200000, 0x00000000c1f00000, 0x00000000eab80000)
  object space 29696K, 48% used [0x00000000c0200000,0x00000000c101f060,0x00000000c1f00000)
 Metaspace       used 33862K, capacity 35378K, committed 35496K, reserved 1079296K
  class space    used 4463K, capacity 4779K, committed 4864K, reserved 1048576K
Event: 5.574 GC heap after
Heap after GC invocations=11 (full 1):
 PSYoungGen      total 196608K, used 10561K [0x00000000eab80000, 0x00000000f7f00000, 0x0000000100000000)
  eden space 185856K, 0% used [0x00000000eab80000,0x00000000eab80000,0x00000000f6100000)
  from space 10752K, 98% used [0x00000000f6c80000,0x00000000f76d0458,0x00000000f7700000)
  to   space 11776K, 0% used [0x00000000f6100000,0x00000000f6100000,0x00000000f6c80000)
 ParOldGen       total 29696K, used 16973K [0x00000000c0200000, 0x00000000c1f00000, 0x00000000eab80000)
  object space 29696K, 57% used [0x00000000c0200000,0x00000000c12937c0,0x00000000c1f00000)
 Metaspace       used 33862K, capacity 35378K, committed 35496K, reserved 1079296K
  class space    used 4463K, capacity 4779K, committed 4864K, reserved 1048576K
}
Event: 5.574 GC heap before
{Heap before GC invocations=12 (full 2):
 PSYoungGen      total 196608K, used 10561K [0x00000000eab80000, 0x00000000f7f00000, 0x0000000100000000)
  eden space 185856K, 0% used [0x00000000eab80000,0x00000000eab80000,0x00000000f6100000)
  from space 10752K, 98% used [0x00000000f6c80000,0x00000000f76d0458,0x00000000f7700000)
  to   space 11776K, 0% used [0x00000000f6100000,0x00000000f6100000,0x00000000f6c80000)
 ParOldGen       total 29696K, used 16973K [0x00000000c0200000, 0x00000000c1f00000, 0x00000000eab80000)
  object space 29696K, 57% used [0x00000000c0200000,0x00000000c12937c0,0x00000000c1f00000)
 Metaspace       used 33862K, capacity 35378K, committed 35496K, reserved 1079296K
  class space    used 4463K, capacity 4779K, committed 4864K, reserved 1048576K

Deoptimization events (0 events):
No events

Classes redefined (0 events):
No events

Internal exceptions (10 events):
Event: 5.494 Thread 0x00000000025ed000 Exception <a 'java/lang/ArrayIndexOutOfBoundsException'> (0x00000000f005eff0) thrown at [C:\re\workspace\8-2-build-windows-amd64-cygwin\jdk8u191\11896\hotspot\src\share\vm\runtime\sharedRuntime.cpp, line 605]
Event: 5.495 Thread 0x00000000025ed000 Exception <a 'java/lang/ArrayIndexOutOfBoundsException'> (0x00000000f006a9f0) thrown at [C:\re\workspace\8-2-build-windows-amd64-cygwin\jdk8u191\11896\hotspot\src\share\vm\runtime\sharedRuntime.cpp, line 605]
Event: 5.495 Thread 0x00000000025ed000 Exception <a 'java/lang/ArrayIndexOutOfBoundsException'> (0x00000000f0076d08) thrown at [C:\re\workspace\8-2-build-windows-amd64-cygwin\jdk8u191\11896\hotspot\src\share\vm\runtime\sharedRuntime.cpp, line 605]
Event: 5.496 Thread 0x00000000025ed000 Exception <a 'java/lang/ArrayIndexOutOfBoundsException'> (0x00000000f00829a8) thrown at [C:\re\workspace\8-2-build-windows-amd64-cygwin\jdk8u191\11896\hotspot\src\share\vm\runtime\sharedRuntime.cpp, line 605]
Event: 5.496 Thread 0x00000000025ed000 Exception <a 'java/lang/ArrayIndexOutOfBoundsException'> (0x00000000f008eb38) thrown at [C:\re\workspace\8-2-build-windows-amd64-cygwin\jdk8u191\11896\hotspot\src\share\vm\runtime\sharedRuntime.cpp, line 605]
Event: 5.497 Thread 0x00000000025ed000 Exception <a 'java/lang/ArrayIndexOutOfBoundsException'> (0x00000000f0099b78) thrown at [C:\re\workspace\8-2-build-windows-amd64-cygwin\jdk8u191\11896\hotspot\src\share\vm\runtime\sharedRuntime.cpp, line 605]
Event: 5.497 Thread 0x00000000025ed000 Exception <a 'java/lang/ArrayIndexOutOfBoundsException'> (0x00000000f00a4978) thrown at [C:\re\workspace\8-2-build-windows-amd64-cygwin\jdk8u191\11896\hotspot\src\share\vm\runtime\sharedRuntime.cpp, line 605]
Event: 5.497 Thread 0x00000000025ed000 Exception <a 'java/lang/ArrayIndexOutOfBoundsException'> (0x00000000f00b0288) thrown at [C:\re\workspace\8-2-build-windows-amd64-cygwin\jdk8u191\11896\hotspot\src\share\vm\runtime\sharedRuntime.cpp, line 605]
Event: 5.498 Thread 0x00000000025ed000 Exception <a 'java/lang/ArrayIndexOutOfBoundsException'> (0x00000000f00bc330) thrown at [C:\re\workspace\8-2-build-windows-amd64-cygwin\jdk8u191\11896\hotspot\src\share\vm\runtime\sharedRuntime.cpp, line 605]
Event: 5.498 Thread 0x00000000025ed000 Exception <a 'java/lang/ArrayIndexOutOfBoundsException'> (0x00000000f00c70e8) thrown at [C:\re\workspace\8-2-build-windows-amd64-cygwin\jdk8u191\11896\hotspot\src\share\vm\runtime\sharedRuntime.cpp, line 605]

Events (10 events):
Event: 5.534 loading class com/sun/org/apache/xerces/internal/util/EntityResolverWrapper
Event: 5.534 loading class com/sun/org/apache/xerces/internal/util/EntityResolverWrapper done
Event: 5.534 loading class org/apache/ibatis/parsing/XPathParser$1
Event: 5.534 loading class org/apache/ibatis/parsing/XPathParser$1 done
Event: 5.535 loading class com/sun/org/apache/xerces/internal/dom/DeferredDocumentImpl
Event: 5.536 loading class com/sun/org/apache/xerces/internal/dom/DeferredNode
Event: 5.537 loading class org/w3c/dom/Node
Event: 5.537 loading class org/w3c/dom/Node done
Event: 5.537 loading class com/sun/org/apache/xerces/internal/dom/DeferredNode done
Event: 5.537 Executing VM operation: CollectForMetadataAllocation


Dynamic libraries:
0x000000013f550000 - 0x000000013f587000 	D:\java\bin\java.exe
0x0000000076dc0000 - 0x0000000076f5f000 	C:\Windows\SYSTEM32\ntdll.dll
0x0000000076ba0000 - 0x0000000076cbf000 	C:\Windows\system32\kernel32.dll
0x000007fefcea0000 - 0x000007fefcf07000 	C:\Windows\system32\KERNELBASE.dll
0x000007fefd250000 - 0x000007fefd32b000 	C:\Windows\system32\ADVAPI32.dll
0x000007fefd1b0000 - 0x000007fefd24f000 	C:\Windows\system32\msvcrt.dll
0x000007fefe230000 - 0x000007fefe24f000 	C:\Windows\SYSTEM32\sechost.dll
0x000007fefda60000 - 0x000007fefdb8c000 	C:\Windows\system32\RPCRT4.dll
0x0000000076cc0000 - 0x0000000076dba000 	C:\Windows\system32\USER32.dll
0x000007fefdd90000 - 0x000007fefddf7000 	C:\Windows\system32\GDI32.dll
0x000007fefd140000 - 0x000007fefd14e000 	C:\Windows\system32\LPK.dll
0x000007fefefe0000 - 0x000007feff0ab000 	C:\Windows\system32\USP10.dll
0x000007fefb770000 - 0x000007fefb965000 	C:\Windows\WinSxS\amd64_microsoft.windows.common-controls_6595b64144ccf1df_6.0.7601.24483_none_e372d88f30fbb845\COMCTL32.dll
0x000007fefd0c0000 - 0x000007fefd131000 	C:\Windows\system32\SHLWAPI.dll
0x000007fefdb90000 - 0x000007fefdbbe000 	C:\Windows\system32\IMM32.DLL
0x000007fefdc80000 - 0x000007fefdd8b000 	C:\Windows\system32\MSCTF.dll
0x000000006f490000 - 0x000000006f562000 	D:\java\jre\bin\msvcr100.dll
0x0000000068e20000 - 0x00000000696c4000 	D:\java\jre\bin\server\jvm.dll
0x000007fef5e20000 - 0x000007fef5e29000 	C:\Windows\system32\WSOCK32.dll
0x000007fefda10000 - 0x000007fefda5d000 	C:\Windows\system32\WS2_32.dll
0x000007fefd330000 - 0x000007fefd338000 	C:\Windows\system32\NSI.dll
0x000007fefa840000 - 0x000007fefa87b000 	C:\Windows\system32\WINMM.dll
0x000007fefbe00000 - 0x000007fefbe0c000 	C:\Windows\system32\VERSION.dll
0x0000000076f70000 - 0x0000000076f77000 	C:\Windows\system32\PSAPI.DLL
0x0000000071880000 - 0x000000007188f000 	D:\java\jre\bin\verify.dll
0x00000000710b0000 - 0x00000000710d9000 	D:\java\jre\bin\java.dll
0x000000006fe00000 - 0x000000006fe23000 	D:\java\jre\bin\instrument.dll
0x0000000071770000 - 0x0000000071786000 	D:\java\jre\bin\zip.dll
0x000007fefe250000 - 0x000007fefefdb000 	C:\Windows\system32\SHELL32.dll
0x000007fefe030000 - 0x000007fefe22f000 	C:\Windows\system32\ole32.dll
0x000007fefccb0000 - 0x000007fefccbf000 	C:\Windows\system32\profapi.dll
0x000007fefb4b0000 - 0x000007fefb4ca000 	D:\JetBrains\IntelliJ IDEA 2019.2.1\bin\breakgen64.dll
0x0000000071260000 - 0x000000007127a000 	D:\java\jre\bin\net.dll
0x000007fefc480000 - 0x000007fefc4d5000 	C:\Windows\system32\mswsock.dll
0x000007fefc470000 - 0x000007fefc477000 	C:\Windows\System32\wship6.dll
0x000007fefbed0000 - 0x000007fefbed7000 	C:\Windows\System32\wshtcpip.dll
0x000007fefc300000 - 0x000007fefc35b000 	C:\Windows\system32\DNSAPI.dll
0x000007fefa250000 - 0x000007fefa277000 	C:\Windows\system32\IPHLPAPI.DLL
0x000007fefa240000 - 0x000007fefa24b000 	C:\Windows\system32\WINNSI.DLL
0x000007fef8e40000 - 0x000007fef8e48000 	C:\Windows\system32\rasadhlp.dll
0x000007fefa0f0000 - 0x000007fefa143000 	C:\Windows\System32\fwpuclnt.dll
0x0000000071230000 - 0x000000007123d000 	D:\java\jre\bin\management.dll
0x0000000071240000 - 0x0000000071251000 	D:\java\jre\bin\nio.dll
0x000007fefc4e0000 - 0x000007fefc4f8000 	C:\Windows\system32\CRYPTSP.dll
0x000007fefc1c0000 - 0x000007fefc207000 	C:\Windows\system32\rsaenh.dll
0x000007fefc2b0000 - 0x000007fefc2cf000 	C:\Windows\system32\USERENV.dll
0x000007fefcbe0000 - 0x000007fefcbef000 	C:\Windows\system32\CRYPTBASE.dll
0x000007fefa050000 - 0x000007fefa068000 	C:\Windows\system32\dhcpcsvc.DLL
0x000007fefa030000 - 0x000007fefa041000 	C:\Windows\system32\dhcpcsvc6.DLL
0x000007fefa4a0000 - 0x000007fefa4b5000 	C:\Windows\system32\NLAapi.dll
0x000007fef8e50000 - 0x000007fef8e65000 	C:\Windows\system32\napinsp.dll
0x000007fef8e70000 - 0x000007fef8e89000 	C:\Windows\system32\pnrpnsp.dll
0x000007fef8e30000 - 0x000007fef8e3b000 	C:\Windows\System32\winrnr.dll
0x000007fefa930000 - 0x000007fefaa55000 	C:\Windows\system32\dbghelp.dll

VM Arguments:
jvm_args: -XX:TieredStopAtLevel=1 -Xverify:none -Dspring.output.ansi.enabled=always -Dcom.sun.management.jmxremote -Dspring.jmx.enabled=true -Dspring.liveBeansView.mbeanDomain -Dspring.application.admin.enabled=true -javaagent:D:\JetBrains\IntelliJ IDEA 2019.2.1\lib\idea_rt.jar=50668:D:\JetBrains\IntelliJ IDEA 2019.2.1\bin -Dfile.encoding=UTF-8 
java_command: com.csr.csrcheck.CsrcheckApplication
java_class_path (initial): D:\java\jre\lib\charsets.jar;D:\java\jre\lib\deploy.jar;D:\java\jre\lib\ext\access-bridge-64.jar;D:\java\jre\lib\ext\cldrdata.jar;D:\java\jre\lib\ext\dnsns.jar;D:\java\jre\lib\ext\jaccess.jar;D:\java\jre\lib\ext\jfxrt.jar;D:\java\jre\lib\ext\localedata.jar;D:\java\jre\lib\ext\nashorn.jar;D:\java\jre\lib\ext\sunec.jar;D:\java\jre\lib\ext\sunjce_provider.jar;D:\java\jre\lib\ext\sunmscapi.jar;D:\java\jre\lib\ext\sunpkcs11.jar;D:\java\jre\lib\ext\zipfs.jar;D:\java\jre\lib\javaws.jar;D:\java\jre\lib\jce.jar;D:\java\jre\lib\jfr.jar;D:\java\jre\lib\jfxswt.jar;D:\java\jre\lib\jsse.jar;D:\java\jre\lib\management-agent.jar;D:\java\jre\lib\plugin.jar;D:\java\jre\lib\resources.jar;D:\java\jre\lib\rt.jar;D:\java;C:\Users\Administrator\Desktop\csrcheck\csrcheck\target\classes;C:\Users\Administrator\.m2\repository\org\springframework\boot\spring-boot-starter-web\2.1.9.RELEASE\spring-boot-starter-web-2.1.9.RELEASE.jar;C:\Users\Administrator\.m2\repository\org\springframework\boot\spring-boot-starter\2.1.9.RELEASE\spring-boot-starter-2.1.9.RELEASE.jar;C:\Users\Administrator\.m2\repository\org\springframework\boot\spring-boot\2.1.9.RELEASE\spring-boot-2.1.9.RELEASE.jar;C:\Users\Administrator\.m2\repository\org\springframework\boot\spring-boot-starter-logging\2.1.9.RELEASE\spring-boot-starter-logging-2.1.9.RELEASE.jar;C:\Users\Administrator\.m2\repository\ch\qos\logback\logback-classic\1.2.3\logback-classic-1.2.3.jar;C:\Users\Administrator\.m2\repository\ch\qos\logback\logback-core\1.2.3\logback-core-1.2.3.jar;C:\Users\Administrator\.m2\repository\org\apache\logging\log4j\log4j-to-slf4j\2.11.2\log4j-to-slf4j-2.11.2.jar;C:\Users\Administrator\.m2\repository\org\apache\logging\log4j\log4j-api\2.11.2\log4j-api-2.11.2.jar;C:\Users\Administrator\.m2\repository\org\slf4j\jul-to-slf4j\1.7.28\jul-to-slf4j-1.7.28.jar;C:\Users\Administrator\.m2\repository\org\yaml\snakeyaml\1.23\snakeyaml-1.23.jar;C:\Users\Administrator\.m2\repository\org\springframework\boot\spring
Launcher Type: SUN_STANDARD

Environment Variables:
JAVA_HOME=D:\java
CLASSPATH=.;D:\java\lib;D:\java\lib\tools.jar
PATH=C:\Program Files (x86)\Common Files\Oracle\Java\javapath;C:\Windows\system32;C:\Windows;C:\Windows\System32\Wbem;C:\Windows\System32\WindowsPowerShell\v1.0\;D:\java\bin;D:\java\jre\bin;D:\apache-maven-3.6.1-bin\apache-maven-3.6.1\bin\;C:\Users\Administrator\AppData\Local\Programs\Python\Python37-32\;D:\Program Files\Git\cmd;C:\Users\Administrator\AppData\Local\Programs\Python\Python37-32\Scripts\;C:\Users\Administrator\AppData\Local\Programs\Python\Python37-32\;C:\Users\Administrator\AppData\Local\GitHubDesktop\bin;D:\Program Files\JetBrains\PyCharm 2019.2.2\bin;;D:\Program Files\JetBrains\DataGrip 2019.2.4\bin;;D:\Program Files\JetBrains\PyCharm Community Edition 2019.2.2\bin;
USERNAME=Administrator
OS=Windows_NT
PROCESSOR_IDENTIFIER=Intel64 Family 6 Model 23 Stepping 6, GenuineIntel



---------------  S Y S T E M  ---------------

OS: Windows 7 , 64 bit Build 7601 (6.1.7601.24535)

CPU:total 4 (initial active 4) (4 cores per cpu, 1 threads per core) family 6 model 23 stepping 6, cmov, cx8, fxsr, mmx, sse, sse2, sse3, ssse3, sse4.1, tsc

Memory: 4k page, physical 4184440k(795048k free), swap 8366980k(3460992k free)

vm_info: Java HotSpot(TM) 64-Bit Server VM (25.191-b12) for windows-amd64 JRE (1.8.0_191-b12), built on Oct  6 2018 09:29:03 by "java_re" with MS VC++ 10.0 (VS2010)

time: Sun Nov 24 10:08:17 2019
elapsed time: 5 seconds (0d 0h 0m 5s)

