#
# A fatal error has been detected by the Java Runtime Environment:
#
#  EXCEPTION_ACCESS_VIOLATION (0xc0000005) at pc=0x000000006c19537b, pid=1264, tid=0x0000000000001398
#
# JRE version: Java(TM) SE Runtime Environment (8.0_191-b12) (build 1.8.0_191-b12)
# Java VM: Java HotSpot(TM) 64-Bit Server VM (25.191-b12 mixed mode windows-amd64 compressed oops)
# Problematic frame:
# V  [jvm.dll+0x11537b]
#
# Failed to write core dump. Minidumps are not enabled by default on client versions of Windows
#
# If you would like to submit a bug report, please visit:
#   http://bugreport.java.com/bugreport/crash.jsp
#

---------------  T H R E A D  ---------------

Current thread (0x0000000002570800):  GCTaskThread [stack: 0x00000000122d0000,0x00000000123d0000] [id=5016]

siginfo: ExceptionCode=0xc0000005, reading address 0x00000000006c0075

Registers:
RAX=0x0000000012680000, RBX=0x00000000c078cbf8, RCX=0x0000000000000000, RDX=0x0000000000000001
RSP=0x00000000123cf670, RBP=0x00000000c039b474, RSI=0x000000005515f3b0, RDI=0x000000005515f3b0
R8 =0x00000000006c006d, R9 =0x00000000148b64f8, R10=0x000000000000000c, R11=0x000000006c686708
R12=0x00000000c039b49c, R13=0x00000000148b67c0, R14=0x00000000148b67c8, R15=0x00000000c039b468
RIP=0x000000006c19537b, EFLAGS=0x0000000000010202

Top of Stack: (sp=0x00000000123cf670)
0x00000000123cf670:   00000000148b64f8 00000000c078cbac
0x00000000123cf680:   0000000000000007 000000006c29e7e2
0x00000000123cf690:   0000000000000000 000000000256aaa0
0x00000000123cf6a0:   0000000002569320 00000000f4714300
0x00000000123cf6b0:   0000000000000785 000000006c47a6b0
0x00000000123cf6c0:   00000000557c3c68 0000000000000200
0x00000000123cf6d0:   000000005515f3b0 000000006c6d9998
0x00000000123cf6e0:   000000db000006e9 000000dc000006e9
0x00000000123cf6f0:   000000006c8a3e30 00000000f4714300
0x00000000123cf700:   0000000000000200 000005a400000044
0x00000000123cf710:   00000000c078a424 000000006c195416
0x00000000123cf720:   00000000f4714300 0000000002569320
0x00000000123cf730:   000000000256aab0 000000000256aaa0
0x00000000123cf740:   000000006c6d9998 0000000000000000
0x00000000123cf750:   00000000596ab6b0 0000000000000000
0x00000000123cf760:   000000005515f3b0 000000006c477fef 

Instructions: (pc=0x000000006c19537b)
0x000000006c19535b:   6f 00 84 d2 74 16 44 8b 43 08 8b 0d fd 24 69 00
0x000000006c19536b:   49 d3 e0 4c 03 05 eb 24 69 00 eb 04 4c 8b 43 08
0x000000006c19537b:   45 8b 48 08 45 85 c9 7e 0c 41 f6 c1 01 75 4b 41
0x000000006c19538b:   c1 f9 03 eb 57 79 43 84 d2 41 8b c9 b8 10 00 00 


Register to memory mapping:

RAX=0x0000000012680000 is an unknown value
RBX=0x00000000c078cbf8 is pointing into object: 0x00000000c078cbd0
[C 
 - klass: {type array char}
 - length: 26
RCX=0x0000000000000000 is an unknown value
RDX=0x0000000000000001 is an unknown value
RSP=0x00000000123cf670 is an unknown value
RBP=0x00000000c039b474 is pointing into object: 0x00000000c039b468
java.lang.Package 
 - klass: 'java/lang/Package'
RSI=0x000000005515f3b0 is an unknown value
RDI=0x000000005515f3b0 is an unknown value
R8 =0x00000000006c006d is an unknown value
R9 =0x00000000148b64f8 is pointing into metadata
R10=0x000000000000000c is an unknown value
R11=0x000000006c686708 is an unknown value
R12=0x00000000c039b49c is pointing into object: 0x00000000c039b468
java.lang.Package 
 - klass: 'java/lang/Package'
R13=0x00000000148b67c0 is pointing into metadata
R14=0x00000000148b67c8 is pointing into metadata
R15=0x00000000c039b468 is an oop
java.lang.Package 
 - klass: 'java/lang/Package'


Stack: [0x00000000122d0000,0x00000000123d0000],  sp=0x00000000123cf670,  free space=1021k
Native frames: (J=compiled Java code, j=interpreted, Vv=VM code, C=native code)
V  [jvm.dll+0x11537b]
V  [jvm.dll+0x3fa6b0]
V  [jvm.dll+0x3f7fef]
V  [jvm.dll+0x3f54ce]
V  [jvm.dll+0x29eb9a]
C  [msvcr100.dll+0x21d9f]
C  [msvcr100.dll+0x21e3b]
C  [kernel32.dll+0x1556d]
C  [ntdll.dll+0x5385d]

最后一步最重要，在pom.xml文件中的build节点下添加如下内容，谨记：
<resources>
    <resource>
        <directory>src/main/webapp/WEB-INF/jsp</directory>
        <!--如果使用springboot自带的tomcat启动，则使用如下配置jsp路径-->
        <targetPath>META-INF/resources</targetPath>
        <!--如果使用maven启动本地tomcat启动，则使用如下配置-->
        <!--<targetPath>/WEB-INF/jsp</targetPath>-->
        <includes>
            <include>**/*.*</include>
        </includes>
    </resource>
</resources>

---------------  P R O C E S S  ---------------

Java Threads: ( => current thread )
  0x0000000059b19800 JavaThread "mysql-cj-abandoned-connection-cleanup" daemon [_thread_blocked, id=7332, stack(0x000000005b090000,0x000000005b190000)]
  0x0000000059b0d800 JavaThread "container-0" [_thread_blocked, id=4556, stack(0x0000000058c70000,0x0000000058d70000)]
  0x0000000059b0c800 JavaThread "Catalina-utility-2" [_thread_blocked, id=1900, stack(0x000000005ac70000,0x000000005ad70000)]
  0x0000000059a3a800 JavaThread "Catalina-utility-1" [_thread_blocked, id=7608, stack(0x0000000058110000,0x0000000058210000)]
  0x000000005680a000 JavaThread "RMI Scheduler(0)" daemon [_thread_blocked, id=3096, stack(0x0000000058f20000,0x0000000059020000)]
  0x0000000057c29800 JavaThread "RMI TCP Connection(1)-172.18.0.120" daemon [_thread_blocked, id=5480, stack(0x0000000058d90000,0x0000000058e90000)]
  0x0000000057835000 JavaThread "RMI TCP Accept-0" daemon [_thread_in_native, id=4796, stack(0x0000000058300000,0x0000000058400000)]
  0x0000000056a27800 JavaThread "Service Thread" daemon [_thread_blocked, id=7480, stack(0x0000000057530000,0x0000000057630000)]
  0x00000000569ba000 JavaThread "C1 CompilerThread2" daemon [_thread_blocked, id=2600, stack(0x0000000057340000,0x0000000057440000)]
  0x00000000569b8000 JavaThread "C2 CompilerThread1" daemon [_thread_blocked, id=3832, stack(0x0000000057100000,0x0000000057200000)]
  0x00000000569b7800 JavaThread "C2 CompilerThread0" daemon [_thread_blocked, id=6264, stack(0x0000000056ef0000,0x0000000056ff0000)]
  0x0000000056926800 JavaThread "Monitor Ctrl-Break" daemon [_thread_in_native, id=3560, stack(0x0000000056b30000,0x0000000056c30000)]
  0x00000000566bf800 JavaThread "Attach Listener" daemon [_thread_blocked, id=6920, stack(0x0000000056d80000,0x0000000056e80000)]
  0x00000000566bc800 JavaThread "Signal Dispatcher" daemon [_thread_blocked, id=684, stack(0x0000000056c80000,0x0000000056d80000)]
  0x0000000055251800 JavaThread "Finalizer" daemon [_thread_blocked, id=7164, stack(0x0000000056430000,0x0000000056530000)]
  0x000000005524a800 JavaThread "Reference Handler" daemon [_thread_blocked, id=7524, stack(0x00000000565b0000,0x00000000566b0000)]
  0x000000000255b800 JavaThread "main" [_thread_blocked, id=5884, stack(0x0000000002870000,0x0000000002970000)]

Other Threads:
  0x0000000055203000 VMThread [stack: 0x00000000562c0000,0x00000000563c0000] [id=6068]
  0x000000005784a800 WatcherThread [stack: 0x0000000058520000,0x0000000058620000] [id=5780]

=>0x0000000002570800 (exited) GCTaskThread [stack: 0x00000000122d0000,0x00000000123d0000] [id=5016]

VM state:at safepoint (normal execution)

VM Mutex/Monitor currently owned by a thread:  ([mutex/lock_event])
[0x000000000255a0b0] Threads_lock - owner thread: 0x0000000055203000
[0x000000000255a5b0] Heap_lock - owner thread: 0x000000000255b800

Heap:
 PSYoungGen      total 156160K, used 10815K [0x00000000eab80000, 0x00000000f8500000, 0x0000000100000000)
  eden space 144896K, 0% used [0x00000000eab80000,0x00000000eab80000,0x00000000f3900000)
  from space 11264K, 96% used [0x00000000f4580000,0x00000000f500fc90,0x00000000f5080000)
  to   space 12800K, 0% used [0x00000000f3900000,0x00000000f3900000,0x00000000f4580000)
 ParOldGen       total 36352K, used 11229K [0x00000000c0200000, 0x00000000c2580000, 0x00000000eab80000)
  object space 36352K, 30% used [0x00000000c0200000,0x00000000c0cf74c8,0x00000000c2580000)
 Metaspace       used 33677K, capacity 35333K, committed 35496K, reserved 1079296K
  class space    used 4531K, capacity 4864K, committed 4864K, reserved 1048576K

Card table byte_map: [0x0000000011f10000,0x0000000012110000] byte_map_base: 0x000000001190f000

Marking Bits: (ParMarkBitMap*) 0x000000006c8a3e30
 Begin Bits: [0x0000000012680000, 0x0000000013678000)
 End Bits:   [0x0000000013678000, 0x0000000014670000)

Polling page: 0x0000000000130000

CodeCache: size=245760Kb used=6851Kb max_used=6851Kb free=238908Kb
 bounds [0x0000000002b50000, 0x0000000003210000, 0x0000000011b50000]
 total_blobs=3719 nmethods=3274 adapters=359
 compilation: enabled

Compilation events (10 events):
Event: 4.364 Thread 0x00000000569ba000 3270       1       org.springframework.beans.factory.support.AbstractBeanDefinition::setAbstract (6 bytes)
Event: 4.364 Thread 0x00000000569ba000 nmethod 3270 0x00000000031ffd90 code [0x00000000031ffee0, 0x00000000031ffff0]
Event: 4.364 Thread 0x00000000569ba000 3271       1       org.springframework.beans.factory.support.AbstractBeanDefinition::setDependsOn (6 bytes)
Event: 4.364 Thread 0x00000000569ba000 nmethod 3271 0x0000000003200050 code [0x00000000032001a0, 0x00000000032002d0]
Event: 4.364 Thread 0x00000000569ba000 3272       1       org.springframework.beans.factory.support.AbstractBeanDefinition::setAutowireCandidate (6 bytes)
Event: 4.364 Thread 0x00000000569ba000 nmethod 3272 0x0000000003200350 code [0x00000000032004a0, 0x00000000032005b0]
Event: 4.364 Thread 0x00000000569ba000 3273       1       org.springframework.beans.factory.support.AbstractBeanDefinition::copyQualifiersFrom (20 bytes)
Event: 4.364 Thread 0x00000000569ba000 nmethod 3273 0x0000000003200610 code [0x0000000003200780, 0x0000000003200978]
Event: 4.364 Thread 0x00000000569ba000 3274       1       org.springframework.beans.factory.support.AbstractBeanDefinition::setNonPublicAccessAllowed (6 bytes)
Event: 4.364 Thread 0x00000000569ba000 nmethod 3274 0x0000000003200ad0 code [0x0000000003200c20, 0x0000000003200d30]

GC Heap History (10 events):
Event: 1.807 GC heap after
Heap after GC invocations=5 (full 0):
 PSYoungGen      total 68096K, used 2538K [0x00000000eab80000, 0x00000000f3a80000, 0x0000000100000000)
  eden space 65536K, 0% used [0x00000000eab80000,0x00000000eab80000,0x00000000eeb80000)
  from space 2560K, 99% used [0x00000000eeb80000,0x00000000eedfab38,0x00000000eee00000)
  to   space 7680K, 0% used [0x00000000f3300000,0x00000000f3300000,0x00000000f3a80000)
 ParOldGen       total 44032K, used 11583K [0x00000000c0200000, 0x00000000c2d00000, 0x00000000eab80000)
  object space 44032K, 26% used [0x00000000c0200000,0x00000000c0d4fef0,0x00000000c2d00000)
 Metaspace       used 20662K, capacity 21272K, committed 21296K, reserved 1067008K
  class space    used 2763K, capacity 2920K, committed 2944K, reserved 1048576K
}
Event: 1.807 GC heap before
{Heap before GC invocations=6 (full 1):
 PSYoungGen      total 68096K, used 2538K [0x00000000eab80000, 0x00000000f3a80000, 0x0000000100000000)
  eden space 65536K, 0% used [0x00000000eab80000,0x00000000eab80000,0x00000000eeb80000)
  from space 2560K, 99% used [0x00000000eeb80000,0x00000000eedfab38,0x00000000eee00000)
  to   space 7680K, 0% used [0x00000000f3300000,0x00000000f3300000,0x00000000f3a80000)
 ParOldGen       total 44032K, used 11583K [0x00000000c0200000, 0x00000000c2d00000, 0x00000000eab80000)
  object space 44032K, 26% used [0x00000000c0200000,0x00000000c0d4fef0,0x00000000c2d00000)
 Metaspace       used 20662K, capacity 21272K, committed 21296K, reserved 1067008K
  class space    used 2763K, capacity 2920K, committed 2944K, reserved 1048576K
Event: 1.884 GC heap after
Heap after GC invocations=6 (full 1):
 PSYoungGen      total 68096K, used 0K [0x00000000eab80000, 0x00000000f3a80000, 0x0000000100000000)
  eden space 65536K, 0% used [0x00000000eab80000,0x00000000eab80000,0x00000000eeb80000)
  from space 2560K, 0% used [0x00000000eeb80000,0x00000000eeb80000,0x00000000eee00000)
  to   space 7680K, 0% used [0x00000000f3300000,0x00000000f3300000,0x00000000f3a80000)
 ParOldGen       total 36352K, used 7213K [0x00000000c0200000, 0x00000000c2580000, 0x00000000eab80000)
  object space 36352K, 19% used [0x00000000c0200000,0x00000000c090b578,0x00000000c2580000)
 Metaspace       used 20661K, capacity 21266K, committed 21296K, reserved 1067008K
  class space    used 2763K, capacity 2919K, committed 2944K, reserved 1048576K
}
Event: 2.676 GC heap before
{Heap before GC invocations=7 (full 1):
 PSYoungGen      total 68096K, used 65536K [0x00000000eab80000, 0x00000000f3a80000, 0x0000000100000000)
  eden space 65536K, 100% used [0x00000000eab80000,0x00000000eeb80000,0x00000000eeb80000)
  from space 2560K, 0% used [0x00000000eeb80000,0x00000000eeb80000,0x00000000eee00000)
  to   space 7680K, 0% used [0x00000000f3300000,0x00000000f3300000,0x00000000f3a80000)
 ParOldGen       total 36352K, used 7213K [0x00000000c0200000, 0x00000000c2580000, 0x00000000eab80000)
  object space 36352K, 19% used [0x00000000c0200000,0x00000000c090b578,0x00000000c2580000)
 Metaspace       used 24374K, capacity 25320K, committed 25600K, reserved 1071104K
  class space    used 3287K, capacity 3532K, committed 3584K, reserved 1048576K
Event: 2.698 GC heap after
Heap after GC invocations=7 (full 1):
 PSYoungGen      total 106496K, used 6748K [0x00000000eab80000, 0x00000000f3a00000, 0x0000000100000000)
  eden space 99328K, 0% used [0x00000000eab80000,0x00000000eab80000,0x00000000f0c80000)
  from space 7168K, 94% used [0x00000000f3300000,0x00000000f39972c0,0x00000000f3a00000)
  to   space 8192K, 0% used [0x00000000f2a00000,0x00000000f2a00000,0x00000000f3200000)
 ParOldGen       total 36352K, used 7221K [0x00000000c0200000, 0x00000000c2580000, 0x00000000eab80000)
  object space 36352K, 19% used [0x00000000c0200000,0x00000000c090d578,0x00000000c2580000)
 Metaspace       used 24374K, capacity 25320K, committed 25600K, reserved 1071104K
  class space    used 3287K, capacity 3532K, committed 3584K, reserved 1048576K
}
Event: 3.916 GC heap before
{Heap before GC invocations=8 (full 1):
 PSYoungGen      total 106496K, used 106076K [0x00000000eab80000, 0x00000000f3a00000, 0x0000000100000000)
  eden space 99328K, 100% used [0x00000000eab80000,0x00000000f0c80000,0x00000000f0c80000)
  from space 7168K, 94% used [0x00000000f3300000,0x00000000f39972c0,0x00000000f3a00000)
  to   space 8192K, 0% used [0x00000000f2a00000,0x00000000f2a00000,0x00000000f3200000)
 ParOldGen       total 36352K, used 7221K [0x00000000c0200000, 0x00000000c2580000, 0x00000000eab80000)
  object space 36352K, 19% used [0x00000000c0200000,0x00000000c090d578,0x00000000c2580000)
 Metaspace       used 31937K, capacity 33398K, committed 33536K, reserved 1079296K
  class space    used 4306K, capacity 4595K, committed 4608K, reserved 1048576K
Event: 3.938 GC heap after
Heap after GC invocations=8 (full 1):
 PSYoungGen      total 137728K, used 8178K [0x00000000eab80000, 0x00000000f5080000, 0x0000000100000000)
  eden space 129536K, 0% used [0x00000000eab80000,0x00000000eab80000,0x00000000f2a00000)
  from space 8192K, 99% used [0x00000000f2a00000,0x00000000f31fc858,0x00000000f3200000)
  to   space 11264K, 0% used [0x00000000f4580000,0x00000000f4580000,0x00000000f5080000)
 ParOldGen       total 36352K, used 11229K [0x00000000c0200000, 0x00000000c2580000, 0x00000000eab80000)
  object space 36352K, 30% used [0x00000000c0200000,0x00000000c0cf74c8,0x00000000c2580000)
 Metaspace       used 31937K, capacity 33398K, committed 33536K, reserved 1079296K
  class space    used 4306K, capacity 4595K, committed 4608K, reserved 1048576K
}
Event: 4.365 GC heap before
{Heap before GC invocations=9 (full 1):
 PSYoungGen      total 137728K, used 59037K [0x00000000eab80000, 0x00000000f5080000, 0x0000000100000000)
  eden space 129536K, 39% used [0x00000000eab80000,0x00000000edd2aba8,0x00000000f2a00000)
  from space 8192K, 99% used [0x00000000f2a00000,0x00000000f31fc858,0x00000000f3200000)
  to   space 11264K, 0% used [0x00000000f4580000,0x00000000f4580000,0x00000000f5080000)
 ParOldGen       total 36352K, used 11229K [0x00000000c0200000, 0x00000000c2580000, 0x00000000eab80000)
  object space 36352K, 30% used [0x00000000c0200000,0x00000000c0cf74c8,0x00000000c2580000)
 Metaspace       used 33677K, capacity 35333K, committed 35496K, reserved 1079296K
  class space    used 4531K, capacity 4864K, committed 4864K, reserved 1048576K
Event: 4.396 GC heap after
Heap after GC invocations=9 (full 1):
 PSYoungGen      total 156160K, used 10815K [0x00000000eab80000, 0x00000000f8500000, 0x0000000100000000)
  eden space 144896K, 0% used [0x00000000eab80000,0x00000000eab80000,0x00000000f3900000)
  from space 11264K, 96% used [0x00000000f4580000,0x00000000f500fc90,0x00000000f5080000)
  to   space 12800K, 0% used [0x00000000f3900000,0x00000000f3900000,0x00000000f4580000)
 ParOldGen       total 36352K, used 11229K [0x00000000c0200000, 0x00000000c2580000, 0x00000000eab80000)
  object space 36352K, 30% used [0x00000000c0200000,0x00000000c0cf74c8,0x00000000c2580000)
 Metaspace       used 33677K, capacity 35333K, committed 35496K, reserved 1079296K
  class space    used 4531K, capacity 4864K, committed 4864K, reserved 1048576K
}
Event: 4.396 GC heap before
{Heap before GC invocations=10 (full 2):
 PSYoungGen      total 156160K, used 10815K [0x00000000eab80000, 0x00000000f8500000, 0x0000000100000000)
  eden space 144896K, 0% used [0x00000000eab80000,0x00000000eab80000,0x00000000f3900000)
  from space 11264K, 96% used [0x00000000f4580000,0x00000000f500fc90,0x00000000f5080000)
  to   space 12800K, 0% used [0x00000000f3900000,0x00000000f3900000,0x00000000f4580000)
 ParOldGen       total 36352K, used 11229K [0x00000000c0200000, 0x00000000c2580000, 0x00000000eab80000)
  object space 36352K, 30% used [0x00000000c0200000,0x00000000c0cf74c8,0x00000000c2580000)
 Metaspace       used 33677K, capacity 35333K, committed 35496K, reserved 1079296K
  class space    used 4531K, capacity 4864K, committed 4864K, reserved 1048576K

Deoptimization events (0 events):
No events

Classes redefined (0 events):
No events

Internal exceptions (10 events):
Event: 4.314 Thread 0x000000000255b800 Exception <a 'java/lang/ArrayIndexOutOfBoundsException'> (0x00000000ed91eb30) thrown at [C:\re\workspace\8-2-build-windows-amd64-cygwin\jdk8u191\11896\hotspot\src\share\vm\runtime\sharedRuntime.cpp, line 605]
Event: 4.314 Thread 0x000000000255b800 Exception <a 'java/lang/ArrayIndexOutOfBoundsException'> (0x00000000ed920120) thrown at [C:\re\workspace\8-2-build-windows-amd64-cygwin\jdk8u191\11896\hotspot\src\share\vm\runtime\sharedRuntime.cpp, line 605]
Event: 4.314 Thread 0x000000000255b800 Exception <a 'java/lang/ArrayIndexOutOfBoundsException'> (0x00000000ed921bf8) thrown at [C:\re\workspace\8-2-build-windows-amd64-cygwin\jdk8u191\11896\hotspot\src\share\vm\runtime\sharedRuntime.cpp, line 605]
Event: 4.333 Thread 0x000000000255b800 Exception <a 'java/lang/ArrayIndexOutOfBoundsException'> (0x00000000eda93e98) thrown at [C:\re\workspace\8-2-build-windows-amd64-cygwin\jdk8u191\11896\hotspot\src\share\vm\runtime\sharedRuntime.cpp, line 605]
Event: 4.335 Thread 0x000000000255b800 Exception <a 'java/lang/ArrayIndexOutOfBoundsException'> (0x00000000edaa2f18) thrown at [C:\re\workspace\8-2-build-windows-amd64-cygwin\jdk8u191\11896\hotspot\src\share\vm\runtime\sharedRuntime.cpp, line 605]
Event: 4.335 Thread 0x000000000255b800 Exception <a 'java/lang/ArrayIndexOutOfBoundsException'> (0x00000000edaa6578) thrown at [C:\re\workspace\8-2-build-windows-amd64-cygwin\jdk8u191\11896\hotspot\src\share\vm\runtime\sharedRuntime.cpp, line 605]
Event: 4.336 Thread 0x000000000255b800 Exception <a 'java/lang/ArrayIndexOutOfBoundsException'> (0x00000000edaaf350) thrown at [C:\re\workspace\8-2-build-windows-amd64-cygwin\jdk8u191\11896\hotspot\src\share\vm\runtime\sharedRuntime.cpp, line 605]
Event: 4.338 Thread 0x000000000255b800 Exception <a 'java/lang/ArrayIndexOutOfBoundsException'> (0x00000000edac5e68) thrown at [C:\re\workspace\8-2-build-windows-amd64-cygwin\jdk8u191\11896\hotspot\src\share\vm\runtime\sharedRuntime.cpp, line 605]
Event: 4.338 Thread 0x000000000255b800 Exception <a 'java/lang/ArrayIndexOutOfBoundsException'> (0x00000000edac9930) thrown at [C:\re\workspace\8-2-build-windows-amd64-cygwin\jdk8u191\11896\hotspot\src\share\vm\runtime\sharedRuntime.cpp, line 605]
Event: 4.341 Thread 0x000000000255b800 Exception <a 'java/lang/ArrayIndexOutOfBoundsException'> (0x00000000edaf7f20) thrown at [C:\re\workspace\8-2-build-windows-amd64-cygwin\jdk8u191\11896\hotspot\src\share\vm\runtime\sharedRuntime.cpp, line 605]

Events (10 events):
Event: 4.361 loading class org/springframework/http/CacheControl done
Event: 4.361 loading class org/springframework/http/CacheControl
Event: 4.361 loading class org/springframework/http/CacheControl done
Event: 4.361 loading class org/springframework/boot/autoconfigure/web/ResourceProperties$Cache$Cachecontrol
Event: 4.361 loading class org/springframework/boot/autoconfigure/web/ResourceProperties$Cache$Cachecontrol done
Event: 4.362 loading class org/springframework/http/CacheControl
Event: 4.362 loading class org/springframework/http/CacheControl done
Event: 4.362 loading class org/springframework/http/CacheControl
Event: 4.362 loading class org/springframework/http/CacheControl done
Event: 4.364 Executing VM operation: CollectForMetadataAllocation


Dynamic libraries:
0x000000013f8f0000 - 0x000000013f927000 	D:\java\bin\java.exe
0x0000000076eb0000 - 0x000000007704f000 	C:\Windows\SYSTEM32\ntdll.dll
0x0000000076d90000 - 0x0000000076eaf000 	C:\Windows\system32\kernel32.dll
0x000007fefcf70000 - 0x000007fefcfd7000 	C:\Windows\system32\KERNELBASE.dll
0x000007fefe7b0000 - 0x000007fefe88b000 	C:\Windows\system32\ADVAPI32.dll
0x000007fefe8a0000 - 0x000007fefe93f000 	C:\Windows\system32\msvcrt.dll
0x000007fefe520000 - 0x000007fefe53f000 	C:\Windows\SYSTEM32\sechost.dll
0x000007fefe9e0000 - 0x000007fefeb0c000 	C:\Windows\system32\RPCRT4.dll
0x0000000076c90000 - 0x0000000076d8a000 	C:\Windows\system32\USER32.dll
0x000007fefe540000 - 0x000007fefe5a7000 	C:\Windows\system32\GDI32.dll
0x000007fefefe0000 - 0x000007fefefee000 	C:\Windows\system32\LPK.dll
0x000007fefe2a0000 - 0x000007fefe36b000 	C:\Windows\system32\USP10.dll
0x000007fefb7f0000 - 0x000007fefb9e5000 	C:\Windows\WinSxS\amd64_microsoft.windows.common-controls_6595b64144ccf1df_6.0.7601.24483_none_e372d88f30fbb845\COMCTL32.dll
0x000007fefd230000 - 0x000007fefd2a1000 	C:\Windows\system32\SHLWAPI.dll
0x000007fefd1b0000 - 0x000007fefd1de000 	C:\Windows\system32\IMM32.DLL
0x000007fefeb10000 - 0x000007fefec1b000 	C:\Windows\system32\MSCTF.dll
0x0000000073480000 - 0x0000000073552000 	D:\java\jre\bin\msvcr100.dll
0x000000006c080000 - 0x000000006c924000 	D:\java\jre\bin\server\jvm.dll
0x000007fef5dd0000 - 0x000007fef5dd9000 	C:\Windows\system32\WSOCK32.dll
0x000007fefd1e0000 - 0x000007fefd22d000 	C:\Windows\system32\WS2_32.dll
0x000007fefe890000 - 0x000007fefe898000 	C:\Windows\system32\NSI.dll
0x000007fef89b0000 - 0x000007fef89eb000 	C:\Windows\system32\WINMM.dll
0x000007fefbe80000 - 0x000007fefbe8c000 	C:\Windows\system32\VERSION.dll
0x0000000077060000 - 0x0000000077067000 	C:\Windows\system32\PSAPI.DLL
0x0000000074150000 - 0x000000007415f000 	D:\java\jre\bin\verify.dll
0x0000000073be0000 - 0x0000000073c09000 	D:\java\jre\bin\java.dll
0x0000000073cd0000 - 0x0000000073cf3000 	D:\java\jre\bin\instrument.dll
0x00000000739c0000 - 0x00000000739d6000 	D:\java\jre\bin\zip.dll
0x000007fefd2b0000 - 0x000007fefe03b000 	C:\Windows\system32\SHELL32.dll
0x000007fefe5b0000 - 0x000007fefe7af000 	C:\Windows\system32\ole32.dll
0x000007fefcd30000 - 0x000007fefcd3f000 	C:\Windows\system32\profapi.dll
0x000007fef2770000 - 0x000007fef278a000 	D:\JetBrains\IntelliJ IDEA 2019.2.1\bin\breakgen64.dll
0x0000000073450000 - 0x000000007346a000 	D:\java\jre\bin\net.dll
0x000007fefc500000 - 0x000007fefc555000 	C:\Windows\system32\mswsock.dll
0x000007fefc4f0000 - 0x000007fefc4f7000 	C:\Windows\System32\wship6.dll
0x000007fefbf50000 - 0x000007fefbf57000 	C:\Windows\System32\wshtcpip.dll
0x000007fefc380000 - 0x000007fefc3db000 	C:\Windows\system32\DNSAPI.dll
0x000007fefa500000 - 0x000007fefa527000 	C:\Windows\system32\IPHLPAPI.DLL
0x000007fefa4e0000 - 0x000007fefa4eb000 	C:\Windows\system32\WINNSI.DLL
0x000007fef8920000 - 0x000007fef8928000 	C:\Windows\system32\rasadhlp.dll
0x000007fefa360000 - 0x000007fefa3b3000 	C:\Windows\System32\fwpuclnt.dll
0x0000000073420000 - 0x000000007342d000 	D:\java\jre\bin\management.dll
0x0000000073430000 - 0x0000000073441000 	D:\java\jre\bin\nio.dll
0x000007fefc560000 - 0x000007fefc578000 	C:\Windows\system32\CRYPTSP.dll
0x000007fefc260000 - 0x000007fefc2a7000 	C:\Windows\system32\rsaenh.dll
0x000007fefc070000 - 0x000007fefc08f000 	C:\Windows\system32\USERENV.dll
0x000007fefcc60000 - 0x000007fefcc6f000 	C:\Windows\system32\CRYPTBASE.dll
0x000007fefa2e0000 - 0x000007fefa2f8000 	C:\Windows\system32\dhcpcsvc.DLL
0x000007fefa2c0000 - 0x000007fefa2d1000 	C:\Windows\system32\dhcpcsvc6.DLL
0x000007fefa650000 - 0x000007fefa665000 	C:\Windows\system32\NLAapi.dll
0x000007fef9200000 - 0x000007fef9215000 	C:\Windows\system32\napinsp.dll
0x000007fef91e0000 - 0x000007fef91f9000 	C:\Windows\system32\pnrpnsp.dll
0x000007fef91d0000 - 0x000007fef91db000 	C:\Windows\System32\winrnr.dll
0x000007fefa9b0000 - 0x000007fefaad5000 	C:\Windows\system32\dbghelp.dll

VM Arguments:
jvm_args: -XX:TieredStopAtLevel=1 -Xverify:none -Dspring.output.ansi.enabled=always -Dcom.sun.management.jmxremote -Dspring.jmx.enabled=true -Dspring.liveBeansView.mbeanDomain -Dspring.application.admin.enabled=true -javaagent:D:\JetBrains\IntelliJ IDEA 2019.2.1\lib\idea_rt.jar=59237:D:\JetBrains\IntelliJ IDEA 2019.2.1\bin -Dfile.encoding=UTF-8 
java_command: com.csr.csrcheck.CsrcheckApplication
java_class_path (initial): D:\java\jre\lib\charsets.jar;D:\java\jre\lib\deploy.jar;D:\java\jre\lib\ext\access-bridge-64.jar;D:\java\jre\lib\ext\cldrdata.jar;D:\java\jre\lib\ext\dnsns.jar;D:\java\jre\lib\ext\jaccess.jar;D:\java\jre\lib\ext\jfxrt.jar;D:\java\jre\lib\ext\localedata.jar;D:\java\jre\lib\ext\nashorn.jar;D:\java\jre\lib\ext\sunec.jar;D:\java\jre\lib\ext\sunjce_provider.jar;D:\java\jre\lib\ext\sunmscapi.jar;D:\java\jre\lib\ext\sunpkcs11.jar;D:\java\jre\lib\ext\zipfs.jar;D:\java\jre\lib\javaws.jar;D:\java\jre\lib\jce.jar;D:\java\jre\lib\jfr.jar;D:\java\jre\lib\jfxswt.jar;D:\java\jre\lib\jsse.jar;D:\java\jre\lib\management-agent.jar;D:\java\jre\lib\plugin.jar;D:\java\jre\lib\resources.jar;D:\java\jre\lib\rt.jar;D:\java;C:\Users\Administrator\Desktop\csrcheck\csrcheck\target\classes;C:\Users\Administrator\.m2\repository\org\springframework\boot\spring-boot-starter-web\2.1.9.RELEASE\spring-boot-starter-web-2.1.9.RELEASE.jar;C:\Users\Administrator\.m2\repository\org\springframework\boot\spring-boot-starter\2.1.9.RELEASE\spring-boot-starter-2.1.9.RELEASE.jar;C:\Users\Administrator\.m2\repository\org\springframework\boot\spring-boot\2.1.9.RELEASE\spring-boot-2.1.9.RELEASE.jar;C:\Users\Administrator\.m2\repository\org\springframework\boot\spring-boot-autoconfigure\2.1.9.RELEASE\spring-boot-autoconfigure-2.1.9.RELEASE.jar;C:\Users\Administrator\.m2\repository\org\springframework\boot\spring-boot-starter-logging\2.1.9.RELEASE\spring-boot-starter-logging-2.1.9.RELEASE.jar;C:\Users\Administrator\.m2\repository\ch\qos\logback\logback-classic\1.2.3\logback-classic-1.2.3.jar;C:\Users\Administrator\.m2\repository\ch\qos\logback\logback-core\1.2.3\logback-core-1.2.3.jar;C:\Users\Administrator\.m2\repository\org\apache\logging\log4j\log4j-to-slf4j\2.11.2\log4j-to-slf4j-2.11.2.jar;C:\Users\Administrator\.m2\repository\org\apache\logging\log4j\log4j-api\2.11.2\log4j-api-2.11.2.jar;C:\Users\Administrator\.m2\repository\org\slf4j\jul-to-slf4j\1.7.28\jul-to-slf4j-1.7.28.jar;C:\
Launcher Type: SUN_STANDARD

Environment Variables:
JAVA_HOME=D:\java
CLASSPATH=.;D:\java\lib;D:\java\lib\tools.jar
PATH=C:\Program Files (x86)\Common Files\Oracle\Java\javapath;C:\Windows\system32;C:\Windows;C:\Windows\System32\Wbem;C:\Windows\System32\WindowsPowerShell\v1.0\;D:\java\bin;D:\java\jre\bin;D:\apache-maven-3.6.1-bin\apache-maven-3.6.1\bin\;C:\Users\Administrator\AppData\Local\Programs\Python\Python37-32\;D:\Program Files\Git\cmd;C:\Users\Administrator\AppData\Local\Programs\Python\Python37-32\Scripts\;C:\Users\Administrator\AppData\Local\Programs\Python\Python37-32\;C:\Users\Administrator\AppData\Local\GitHubDesktop\bin;D:\Program Files\JetBrains\PyCharm 2019.2.2\bin;;D:\Program Files\JetBrains\DataGrip 2019.2.4\bin;;D:\Program Files\JetBrains\PyCharm Community Edition 2019.2.2\bin;
USERNAME=Administrator
OS=Windows_NT
PROCESSOR_IDENTIFIER=Intel64 Family 6 Model 23 Stepping 6, GenuineIntel



---------------  S Y S T E M  ---------------

OS: Windows 7 , 64 bit Build 7601 (6.1.7601.24524)

CPU:total 4 (initial active 4) (4 cores per cpu, 1 threads per core) family 6 model 23 stepping 6, cmov, cx8, fxsr, mmx, sse, sse2, sse3, ssse3, sse4.1, tsc

Memory: 4k page, physical 4184440k(444748k free), swap 8366980k(2355096k free)

vm_info: Java HotSpot(TM) 64-Bit Server VM (25.191-b12) for windows-amd64 JRE (1.8.0_191-b12), built on Oct  6 2018 09:29:03 by "java_re" with MS VC++ 10.0 (VS2010)

time: Thu Oct 24 16:18:26 2019
elapsed time: 4 seconds (0d 0h 0m 4s)

