#
# A fatal error has been detected by the Java Runtime Environment:
#
#  EXCEPTION_ACCESS_VIOLATION (0xc0000005) at pc=0x000000006f17a6aa, pid=33428, tid=0x0000000000008140
#
# JRE version: Java(TM) SE Runtime Environment (8.0_191-b12) (build 1.8.0_191-b12)
# Java VM: Java HotSpot(TM) 64-Bit Server VM (25.191-b12 mixed mode windows-amd64 compressed oops)
# Problematic frame:
# V  [jvm.dll+0x3fa6aa]
#
# Failed to write core dump. Minidumps are not enabled by default on client versions of Windows
#
# If you would like to submit a bug report, please visit:
#   http://bugreport.java.com/bugreport/crash.jsp
#

---------------  T H R E A D  ---------------

Current thread (0x0000000002416000):  GCTaskThread [stack: 0x0000000012400000,0x0000000012500000] [id=33088]

siginfo: ExceptionCode=0xc0000005, reading address 0x0000000000000129

Registers:
RAX=0x0000000000000021, RBX=0x00000000000006b4, RCX=0x00000000c074ba58, RDX=0x000000005501d210
RSP=0x00000000124ff610, RBP=0x0000000054f655a0, RSI=0x000000005501d210, RDI=0x0000000002412730
R8 =0x00000000ef4d79f8, R9 =0x00000000c074ba58, R10=0x000000000000000c, R11=0x00000000000006b4
R12=0x0000000002416340, R13=0x0000000002416718, R14=0x00000000000003d8, R15=0x0000000000000000
RIP=0x000000006f17a6aa, EFLAGS=0x0000000000010202

Top of Stack: (sp=0x00000000124ff610)
0x00000000124ff610:   00000000558635e0 0000000054f655a0
0x00000000124ff620:   000000005501d210 0000000002416340
0x00000000124ff630:   0000000000000000 0000000000000c00
0x00000000124ff640:   0000000000000000 0000000000000000
0x00000000124ff650:   0000000000000000 000000005741e800
0x00000000124ff660:   0000000002416301 0000000002416301
0x00000000124ff670:   00009b8be3efebff 0000000002416718
0x00000000124ff680:   0000000002416340 00000000000003d8
0x00000000124ff690:   0000000002416340 0000000002412730
0x00000000124ff6a0:   0000000002416330 0000000054f655a0
0x00000000124ff6b0:   000000005501d210 000000006f177693
0x00000000124ff6c0:   00000000ef4d79f8 00000000023fc500
0x00000000124ff6d0:   00000000023fc5e0 000000006ef9e7e2
0x00000000124ff6e0:   000000006f3d9a30 00000000124ff600
0x00000000124ff6f0:   000000005501d210 000000006f381130
0x00000000124ff700:   000000000240c800 00000000124ff6e0 

Instructions: (pc=0x000000006f17a6aa)
0x000000006f17a68a:   00 74 28 8b 0d d5 d1 3a 00 45 8b 48 08 48 8b d6
0x000000006f17a69a:   49 d3 e1 4c 03 0d bc d1 3a 00 49 8b c9 49 8b 01
0x000000006f17a6aa:   ff 90 08 01 00 00 e9 1b ff ff ff 4d 8b 48 08 48
0x000000006f17a6ba:   8b d6 49 8b 01 49 8b c9 ff 90 08 01 00 00 e9 03 


Register to memory mapping:

RAX=0x0000000000000021 is an unknown value
RBX=0x00000000000006b4 is an unknown value
RCX=0x00000000c074ba58 is an oop
java.lang.ref.ReferenceQueue 
 - klass: 'java/lang/ref/ReferenceQueue'
RDX=0x000000005501d210 is an unknown value
RSP=0x00000000124ff610 is an unknown value
RBP=0x0000000054f655a0 is an unknown value
RSI=0x000000005501d210 is an unknown value
RDI=0x0000000002412730 is an unknown value
R8 =0x00000000ef4d79f8 is an unknown value
R9 =0x00000000c074ba58 is an oop
java.lang.ref.ReferenceQueue 
 - klass: 'java/lang/ref/ReferenceQueue'
R10=0x000000000000000c is an unknown value
R11=0x00000000000006b4 is an unknown value
R12=0x0000000002416340 is an unknown value
R13=0x0000000002416718 is an unknown value
R14=0x00000000000003d8 is an unknown value
R15=0x0000000000000000 is an unknown value


Stack: [0x0000000012400000,0x0000000012500000],  sp=0x00000000124ff610,  free space=1021k
Native frames: (J=compiled Java code, j=interpreted, Vv=VM code, C=native code)
V  [jvm.dll+0x3fa6aa]
V  [jvm.dll+0x3f7693]
V  [jvm.dll+0x3f54ce]
V  [jvm.dll+0x29eb9a]
C  [msvcr100.dll+0x21d9f]
C  [msvcr100.dll+0x21e3b]
C  [kernel32.dll+0x1556d]
C  [ntdll.dll+0x5372d]


---------------  P R O C E S S  ---------------

Java Threads: ( => current thread )
  0x000000005741e800 JavaThread "RMI Scheduler(0)" daemon [_thread_blocked, id=33156, stack(0x00000000599c0000,0x0000000059ac0000)]
  0x00000000588f8800 JavaThread "RMI TCP Connection(1)-172.18.0.120" daemon [_thread_blocked, id=33060, stack(0x0000000057d60000,0x0000000057e60000)]
  0x0000000057186000 JavaThread "background-preinit" [_thread_blocked, id=33052, stack(0x00000000583f0000,0x00000000584f0000)]
  0x0000000056f25800 JavaThread "RMI TCP Accept-0" daemon [_thread_in_native, id=33072, stack(0x0000000057f90000,0x0000000058090000)]
  0x0000000056ccd800 JavaThread "Service Thread" daemon [_thread_blocked, id=32904, stack(0x00000000577d0000,0x00000000578d0000)]
  0x000000005685a800 JavaThread "C1 CompilerThread2" daemon [_thread_blocked, id=32120, stack(0x0000000057910000,0x0000000057a10000)]
  0x000000005685a000 JavaThread "C2 CompilerThread1" daemon [_thread_blocked, id=31924, stack(0x0000000057620000,0x0000000057720000)]
  0x0000000056859000 JavaThread "C2 CompilerThread0" daemon [_thread_blocked, id=28720, stack(0x00000000568e0000,0x00000000569e0000)]
  0x0000000056840800 JavaThread "Monitor Ctrl-Break" daemon [_thread_in_native, id=33184, stack(0x0000000057480000,0x0000000057580000)]
  0x00000000564ea800 JavaThread "Attach Listener" daemon [_thread_blocked, id=32640, stack(0x0000000056b20000,0x0000000056c20000)]
  0x00000000550e2800 JavaThread "Signal Dispatcher" daemon [_thread_blocked, id=32908, stack(0x0000000056a00000,0x0000000056b00000)]
  0x00000000550cf800 JavaThread "Finalizer" daemon [_thread_blocked, id=31912, stack(0x00000000563e0000,0x00000000564e0000)]
  0x00000000550c8800 JavaThread "Reference Handler" daemon [_thread_blocked, id=31896, stack(0x00000000560e0000,0x00000000561e0000)]
  0x00000000023fd000 JavaThread "main" [_thread_blocked, id=33212, stack(0x0000000002800000,0x0000000002900000)]

Other Threads:
  0x0000000055081000 VMThread [stack: 0x0000000056200000,0x0000000056300000] [id=31096]
  0x0000000056f33000 WatcherThread [stack: 0x0000000057b20000,0x0000000057c20000] [id=33480]

=>0x0000000002416000 (exited) GCTaskThread [stack: 0x0000000012400000,0x0000000012500000] [id=33088]

VM state:at safepoint (normal execution)

VM Mutex/Monitor currently owned by a thread:  ([mutex/lock_event])
[0x00000000023fb3e0] Threads_lock - owner thread: 0x0000000055081000
[0x00000000023fb8e0] Heap_lock - owner thread: 0x0000000057186000

Heap:
 PSYoungGen      total 71168K, used 4677K [0x00000000eab80000, 0x00000000ef780000, 0x0000000100000000)
  eden space 65536K, 0% used [0x00000000eab80000,0x00000000eab80000,0x00000000eeb80000)
  from space 5632K, 83% used [0x00000000ef200000,0x00000000ef691738,0x00000000ef780000)
  to   space 6144K, 0% used [0x00000000eeb80000,0x00000000eeb80000,0x00000000ef180000)
 ParOldGen       total 44032K, used 9055K [0x00000000c0200000, 0x00000000c2d00000, 0x00000000eab80000)
  object space 44032K, 20% used [0x00000000c0200000,0x00000000c0ad7d08,0x00000000c2d00000)
 Metaspace       used 20639K, capacity 21226K, committed 21296K, reserved 1067008K
  class space    used 2745K, capacity 2905K, committed 2944K, reserved 1048576K

Card table byte_map: [0x0000000011cc0000,0x0000000011ec0000] byte_map_base: 0x00000000116bf000

Marking Bits: (ParMarkBitMap*) 0x000000006f5a3e30
 Begin Bits: [0x0000000012500000, 0x00000000134f8000)
 End Bits:   [0x00000000134f8000, 0x00000000144f0000)

Polling page: 0x0000000001b60000

CodeCache: size=245760Kb used=3141Kb max_used=3141Kb free=242618Kb
 bounds [0x0000000002900000, 0x0000000002c20000, 0x0000000011900000]
 total_blobs=1745 nmethods=1349 adapters=310
 compilation: enabled

Compilation events (10 events):
Event: 1.886 Thread 0x000000005685a800 1344       1       java.util.Locale::getLanguage (8 bytes)
Event: 1.887 Thread 0x000000005685a800 nmethod 1344 0x0000000002c0fad0 code [0x0000000002c0fc20, 0x0000000002c0fd30]
Event: 1.888 Thread 0x000000005685a800 1345       1       sun.misc.URLClassPath$FileLoader::findResource (18 bytes)
Event: 1.888 Thread 0x000000005685a800 nmethod 1345 0x0000000002c0fdd0 code [0x0000000002c0ff40, 0x0000000002c100b8]
Event: 1.889 Thread 0x000000005685a800 1346       1       java.util.LinkedHashMap::afterNodeAccess (116 bytes)
Event: 1.890 Thread 0x000000005685a800 nmethod 1346 0x0000000002c10150 code [0x0000000002c102a0, 0x0000000002c10510]
Event: 1.892 Thread 0x000000005685a800 1347       1       sun.util.locale.BaseLocale::getRegion (5 bytes)
Event: 1.892 Thread 0x000000005685a800 nmethod 1347 0x0000000002c10650 code [0x0000000002c107a0, 0x0000000002c108b0]
Event: 1.929 Thread 0x000000005685a800 1349       1       java.security.Permission::getName (5 bytes)
Event: 1.929 Thread 0x000000005685a800 nmethod 1349 0x0000000002c10cd0 code [0x0000000002c10e20, 0x0000000002c10f30]

GC Heap History (10 events):
Event: 1.078 GC heap after
Heap after GC invocations=2 (full 0):
 PSYoungGen      total 18944K, used 2542K [0x00000000eab80000, 0x00000000ed080000, 0x0000000100000000)
  eden space 16384K, 0% used [0x00000000eab80000,0x00000000eab80000,0x00000000ebb80000)
  from space 2560K, 99% used [0x00000000ebe00000,0x00000000ec07b860,0x00000000ec080000)
  to   space 2560K, 0% used [0x00000000ebb80000,0x00000000ebb80000,0x00000000ebe00000)
 ParOldGen       total 44032K, used 2062K [0x00000000c0200000, 0x00000000c2d00000, 0x00000000eab80000)
  object space 44032K, 4% used [0x00000000c0200000,0x00000000c0403868,0x00000000c2d00000)
 Metaspace       used 11138K, capacity 11426K, committed 11776K, reserved 1058816K
  class space    used 1364K, capacity 1445K, committed 1536K, reserved 1048576K
}
Event: 1.218 GC heap before
{Heap before GC invocations=3 (full 0):
 PSYoungGen      total 18944K, used 18926K [0x00000000eab80000, 0x00000000ed080000, 0x0000000100000000)
  eden space 16384K, 100% used [0x00000000eab80000,0x00000000ebb80000,0x00000000ebb80000)
  from space 2560K, 99% used [0x00000000ebe00000,0x00000000ec07b860,0x00000000ec080000)
  to   space 2560K, 0% used [0x00000000ebb80000,0x00000000ebb80000,0x00000000ebe00000)
 ParOldGen       total 44032K, used 2062K [0x00000000c0200000, 0x00000000c2d00000, 0x00000000eab80000)
  object space 44032K, 4% used [0x00000000c0200000,0x00000000c0403868,0x00000000c2d00000)
 Metaspace       used 13267K, capacity 13612K, committed 13824K, reserved 1060864K
  class space    used 1654K, capacity 1786K, committed 1792K, reserved 1048576K
Event: 1.227 GC heap after
Heap after GC invocations=3 (full 0):
 PSYoungGen      total 18944K, used 2558K [0x00000000eab80000, 0x00000000ed080000, 0x0000000100000000)
  eden space 16384K, 0% used [0x00000000eab80000,0x00000000eab80000,0x00000000ebb80000)
  from space 2560K, 99% used [0x00000000ebb80000,0x00000000ebdff870,0x00000000ebe00000)
  to   space 2560K, 0% used [0x00000000ece00000,0x00000000ece00000,0x00000000ed080000)
 ParOldGen       total 44032K, used 3939K [0x00000000c0200000, 0x00000000c2d00000, 0x00000000eab80000)
  object space 44032K, 8% used [0x00000000c0200000,0x00000000c05d8c58,0x00000000c2d00000)
 Metaspace       used 13267K, capacity 13612K, committed 13824K, reserved 1060864K
  class space    used 1654K, capacity 1786K, committed 1792K, reserved 1048576K
}
Event: 1.371 GC heap before
{Heap before GC invocations=4 (full 0):
 PSYoungGen      total 18944K, used 18942K [0x00000000eab80000, 0x00000000ed080000, 0x0000000100000000)
  eden space 16384K, 100% used [0x00000000eab80000,0x00000000ebb80000,0x00000000ebb80000)
  from space 2560K, 99% used [0x00000000ebb80000,0x00000000ebdff870,0x00000000ebe00000)
  to   space 2560K, 0% used [0x00000000ece00000,0x00000000ece00000,0x00000000ed080000)
 ParOldGen       total 44032K, used 3939K [0x00000000c0200000, 0x00000000c2d00000, 0x00000000eab80000)
  object space 44032K, 8% used [0x00000000c0200000,0x00000000c05d8c58,0x00000000c2d00000)
 Metaspace       used 14473K, capacity 14936K, committed 15104K, reserved 1062912K
  class space    used 1886K, capacity 2030K, committed 2048K, reserved 1048576K
Event: 1.400 GC heap after
Heap after GC invocations=4 (full 0):
 PSYoungGen      total 35328K, used 2554K [0x00000000eab80000, 0x00000000ed080000, 0x0000000100000000)
  eden space 32768K, 0% used [0x00000000eab80000,0x00000000eab80000,0x00000000ecb80000)
  from space 2560K, 99% used [0x00000000ece00000,0x00000000ed07eb28,0x00000000ed080000)
  to   space 2560K, 0% used [0x00000000ecb80000,0x00000000ecb80000,0x00000000ece00000)
 ParOldGen       total 44032K, used 5268K [0x00000000c0200000, 0x00000000c2d00000, 0x00000000eab80000)
  object space 44032K, 11% used [0x00000000c0200000,0x00000000c0725198,0x00000000c2d00000)
 Metaspace       used 14473K, capacity 14936K, committed 15104K, reserved 1062912K
  class space    used 1886K, capacity 2030K, committed 2048K, reserved 1048576K
}
Event: 1.679 GC heap before
{Heap before GC invocations=5 (full 0):
 PSYoungGen      total 35328K, used 35322K [0x00000000eab80000, 0x00000000ed080000, 0x0000000100000000)
  eden space 32768K, 100% used [0x00000000eab80000,0x00000000ecb80000,0x00000000ecb80000)
  from space 2560K, 99% used [0x00000000ece00000,0x00000000ed07eb28,0x00000000ed080000)
  to   space 2560K, 0% used [0x00000000ecb80000,0x00000000ecb80000,0x00000000ece00000)
 ParOldGen       total 44032K, used 5268K [0x00000000c0200000, 0x00000000c2d00000, 0x00000000eab80000)
  object space 44032K, 11% used [0x00000000c0200000,0x00000000c0725198,0x00000000c2d00000)
 Metaspace       used 18090K, capacity 18710K, committed 19072K, reserved 1064960K
  class space    used 2405K, capacity 2575K, committed 2688K, reserved 1048576K
Event: 1.743 GC heap after
Heap after GC invocations=5 (full 0):
 PSYoungGen      total 35328K, used 2558K [0x00000000eab80000, 0x00000000ef880000, 0x0000000100000000)
  eden space 32768K, 0% used [0x00000000eab80000,0x00000000eab80000,0x00000000ecb80000)
  from space 2560K, 99% used [0x00000000ecb80000,0x00000000ecdff870,0x00000000ece00000)
  to   space 6656K, 0% used [0x00000000ef200000,0x00000000ef200000,0x00000000ef880000)
 ParOldGen       total 44032K, used 9055K [0x00000000c0200000, 0x00000000c2d00000, 0x00000000eab80000)
  object space 44032K, 20% used [0x00000000c0200000,0x00000000c0ad7d08,0x00000000c2d00000)
 Metaspace       used 18090K, capacity 18710K, committed 19072K, reserved 1064960K
  class space    used 2405K, capacity 2575K, committed 2688K, reserved 1048576K
}
Event: 1.956 GC heap before
{Heap before GC invocations=6 (full 0):
 PSYoungGen      total 35328K, used 21775K [0x00000000eab80000, 0x00000000ef880000, 0x0000000100000000)
  eden space 32768K, 58% used [0x00000000eab80000,0x00000000ebe44398,0x00000000ecb80000)
  from space 2560K, 99% used [0x00000000ecb80000,0x00000000ecdff870,0x00000000ece00000)
  to   space 6656K, 0% used [0x00000000ef200000,0x00000000ef200000,0x00000000ef880000)
 ParOldGen       total 44032K, used 9055K [0x00000000c0200000, 0x00000000c2d00000, 0x00000000eab80000)
  object space 44032K, 20% used [0x00000000c0200000,0x00000000c0ad7d08,0x00000000c2d00000)
 Metaspace       used 20639K, capacity 21226K, committed 21296K, reserved 1067008K
  class space    used 2745K, capacity 2905K, committed 2944K, reserved 1048576K
Event: 2.042 GC heap after
Heap after GC invocations=6 (full 0):
 PSYoungGen      total 71168K, used 4677K [0x00000000eab80000, 0x00000000ef780000, 0x0000000100000000)
  eden space 65536K, 0% used [0x00000000eab80000,0x00000000eab80000,0x00000000eeb80000)
  from space 5632K, 83% used [0x00000000ef200000,0x00000000ef691738,0x00000000ef780000)
  to   space 6144K, 0% used [0x00000000eeb80000,0x00000000eeb80000,0x00000000ef180000)
 ParOldGen       total 44032K, used 9055K [0x00000000c0200000, 0x00000000c2d00000, 0x00000000eab80000)
  object space 44032K, 20% used [0x00000000c0200000,0x00000000c0ad7d08,0x00000000c2d00000)
 Metaspace       used 20639K, capacity 21226K, committed 21296K, reserved 1067008K
  class space    used 2745K, capacity 2905K, committed 2944K, reserved 1048576K
}
Event: 2.042 GC heap before
{Heap before GC invocations=7 (full 1):
 PSYoungGen      total 71168K, used 4677K [0x00000000eab80000, 0x00000000ef780000, 0x0000000100000000)
  eden space 65536K, 0% used [0x00000000eab80000,0x00000000eab80000,0x00000000eeb80000)
  from space 5632K, 83% used [0x00000000ef200000,0x00000000ef691738,0x00000000ef780000)
  to   space 6144K, 0% used [0x00000000eeb80000,0x00000000eeb80000,0x00000000ef180000)
 ParOldGen       total 44032K, used 9055K [0x00000000c0200000, 0x00000000c2d00000, 0x00000000eab80000)
  object space 44032K, 20% used [0x00000000c0200000,0x00000000c0ad7d08,0x00000000c2d00000)
 Metaspace       used 20639K, capacity 21226K, committed 21296K, reserved 1067008K
  class space    used 2745K, capacity 2905K, committed 2944K, reserved 1048576K

Deoptimization events (0 events):
No events

Classes redefined (0 events):
No events

Internal exceptions (10 events):
Event: 1.518 Thread 0x0000000057186000 Exception <a 'java/lang/ArrayIndexOutOfBoundsException'> (0x00000000ebad3a00) thrown at [C:\re\workspace\8-2-build-windows-amd64-cygwin\jdk8u191\11896\hotspot\src\share\vm\runtime\sharedRuntime.cpp, line 605]
Event: 1.670 Thread 0x00000000023fd000 Exception <a 'java/lang/ArrayIndexOutOfBoundsException'> (0x00000000ecaad2a8) thrown at [C:\re\workspace\8-2-build-windows-amd64-cygwin\jdk8u191\11896\hotspot\src\share\vm\runtime\sharedRuntime.cpp, line 605]
Event: 1.670 Thread 0x00000000023fd000 Exception <a 'java/lang/ArrayIndexOutOfBoundsException'> (0x00000000ecaae360) thrown at [C:\re\workspace\8-2-build-windows-amd64-cygwin\jdk8u191\11896\hotspot\src\share\vm\runtime\sharedRuntime.cpp, line 605]
Event: 1.670 Thread 0x00000000023fd000 Exception <a 'java/lang/ArrayIndexOutOfBoundsException'> (0x00000000ecab0d58) thrown at [C:\re\workspace\8-2-build-windows-amd64-cygwin\jdk8u191\11896\hotspot\src\share\vm\runtime\sharedRuntime.cpp, line 605]
Event: 1.671 Thread 0x00000000023fd000 Exception <a 'java/lang/ArrayIndexOutOfBoundsException'> (0x00000000ecabf298) thrown at [C:\re\workspace\8-2-build-windows-amd64-cygwin\jdk8u191\11896\hotspot\src\share\vm\runtime\sharedRuntime.cpp, line 605]
Event: 1.673 Thread 0x00000000023fd000 Exception <a 'java/lang/ArrayIndexOutOfBoundsException'> (0x00000000ecac9310) thrown at [C:\re\workspace\8-2-build-windows-amd64-cygwin\jdk8u191\11896\hotspot\src\share\vm\runtime\sharedRuntime.cpp, line 605]
Event: 1.675 Thread 0x00000000023fd000 Exception <a 'java/lang/ArrayIndexOutOfBoundsException'> (0x00000000ecae8a00) thrown at [C:\re\workspace\8-2-build-windows-amd64-cygwin\jdk8u191\11896\hotspot\src\share\vm\runtime\sharedRuntime.cpp, line 605]
Event: 1.675 Thread 0x00000000023fd000 Exception <a 'java/lang/ArrayIndexOutOfBoundsException'> (0x00000000ecaf0ad0) thrown at [C:\re\workspace\8-2-build-windows-amd64-cygwin\jdk8u191\11896\hotspot\src\share\vm\runtime\sharedRuntime.cpp, line 605]
Event: 1.747 Thread 0x00000000023fd000 Exception <a 'java/lang/NoSuchMethodError': org.slf4j.impl.StaticMDCBinder.getSingleton()Lorg/slf4j/impl/StaticMDCBinder;> (0x00000000eabfbcf0) thrown at [C:\re\workspace\8-2-build-windows-amd64-cygwin\jdk8u191\11896\hotspot\src\share\vm\interpreter\linkR
Event: 1.819 Thread 0x0000000057186000 Exception <a 'java/lang/IncompatibleClassChangeError': Found class java.lang.Object, but interface was expected> (0x00000000eb56d038) thrown at [C:\re\workspace\8-2-build-windows-amd64-cygwin\jdk8u191\11896\hotspot\src\share\vm\interpreter\linkResolver.cp

Events (10 events):
Event: 1.955 loading class com/sun/org/apache/xerces/internal/util/PropertyState
Event: 1.955 loading class com/sun/org/apache/xerces/internal/util/PropertyState done
Event: 1.955 loading class com/sun/org/apache/xerces/internal/parsers/AbstractSAXParser$AttributesProxy
Event: 1.955 loading class org/xml/sax/AttributeList
Event: 1.955 loading class org/xml/sax/AttributeList done
Event: 1.955 loading class org/xml/sax/ext/Attributes2
Event: 1.955 loading class org/xml/sax/Attributes
Event: 1.956 loading class org/xml/sax/Attributes done
Event: 1.956 loading class org/xml/sax/ext/Attributes2 done
Event: 1.956 Executing VM operation: CollectForMetadataAllocation


Dynamic libraries:
0x000000013f640000 - 0x000000013f677000 	D:\java\bin\java.exe
0x0000000077a00000 - 0x0000000077b9f000 	C:\Windows\SYSTEM32\ntdll.dll
0x00000000778e0000 - 0x00000000779ff000 	C:\Windows\system32\kernel32.dll
0x000007fefd9a0000 - 0x000007fefda07000 	C:\Windows\system32\KERNELBASE.dll
0x000007feff700000 - 0x000007feff7db000 	C:\Windows\system32\ADVAPI32.dll
0x000007fefeec0000 - 0x000007fefef5f000 	C:\Windows\system32\msvcrt.dll
0x000007fefec70000 - 0x000007fefec8f000 	C:\Windows\SYSTEM32\sechost.dll
0x000007feff7e0000 - 0x000007feff90c000 	C:\Windows\system32\RPCRT4.dll
0x00000000777e0000 - 0x00000000778da000 	C:\Windows\system32\USER32.dll
0x000007feffc80000 - 0x000007feffce7000 	C:\Windows\system32\GDI32.dll
0x000007fefdd00000 - 0x000007fefdd0e000 	C:\Windows\system32\LPK.dll
0x000007fefdd10000 - 0x000007fefdddb000 	C:\Windows\system32\USP10.dll
0x000007fefd3f0000 - 0x000007fefd5e5000 	C:\Windows\WinSxS\amd64_microsoft.windows.common-controls_6595b64144ccf1df_6.0.7601.24483_none_e372d88f30fbb845\COMCTL32.dll
0x000007fefdde0000 - 0x000007fefde51000 	C:\Windows\system32\SHLWAPI.dll
0x000007feffb70000 - 0x000007feffb9e000 	C:\Windows\system32\IMM32.DLL
0x000007feff130000 - 0x000007feff23b000 	C:\Windows\system32\MSCTF.dll
0x0000000074800000 - 0x00000000748d2000 	D:\java\jre\bin\msvcr100.dll
0x000000006ed80000 - 0x000000006f624000 	D:\java\jre\bin\server\jvm.dll
0x000007fefb2a0000 - 0x000007fefb2a9000 	C:\Windows\system32\WSOCK32.dll
0x000007fefec20000 - 0x000007fefec6d000 	C:\Windows\system32\WS2_32.dll
0x000007fefde60000 - 0x000007fefde68000 	C:\Windows\system32\NSI.dll
0x000007fefd630000 - 0x000007fefd66b000 	C:\Windows\system32\WINMM.dll
0x000007fefc510000 - 0x000007fefc51c000 	C:\Windows\system32\VERSION.dll
0x0000000077bb0000 - 0x0000000077bb7000 	C:\Windows\system32\PSAPI.DLL
0x00000000749b0000 - 0x00000000749bf000 	D:\java\jre\bin\verify.dll
0x0000000074980000 - 0x00000000749a9000 	D:\java\jre\bin\java.dll
0x0000000074660000 - 0x0000000074683000 	D:\java\jre\bin\instrument.dll
0x0000000074960000 - 0x0000000074976000 	D:\java\jre\bin\zip.dll
0x000007fefde90000 - 0x000007fefec1b000 	C:\Windows\system32\SHELL32.dll
0x000007feff240000 - 0x000007feff43f000 	C:\Windows\system32\ole32.dll
0x000007fefd8f0000 - 0x000007fefd8ff000 	C:\Windows\system32\profapi.dll
0x000007fef4bd0000 - 0x000007fef4bea000 	D:\JetBrains\IntelliJ IDEA 2019.2.1\bin\breakgen64.dll
0x0000000074940000 - 0x000000007495a000 	D:\java\jre\bin\net.dll
0x000007fefcdc0000 - 0x000007fefce15000 	C:\Windows\system32\mswsock.dll
0x000007fefcdb0000 - 0x000007fefcdb7000 	C:\Windows\System32\wship6.dll
0x000007fefc340000 - 0x000007fefc347000 	C:\Windows\System32\wshtcpip.dll
0x000007fefcc40000 - 0x000007fefcc9b000 	C:\Windows\system32\DNSAPI.dll
0x000007fefaca0000 - 0x000007fefacc7000 	C:\Windows\system32\IPHLPAPI.DLL
0x000007fefac80000 - 0x000007fefac8b000 	C:\Windows\system32\WINNSI.DLL
0x000007fef8e50000 - 0x000007fef8e58000 	C:\Windows\system32\rasadhlp.dll
0x000007fefab30000 - 0x000007fefab83000 	C:\Windows\System32\fwpuclnt.dll
0x0000000074910000 - 0x000000007491d000 	D:\java\jre\bin\management.dll
0x0000000074920000 - 0x0000000074931000 	D:\java\jre\bin\nio.dll
0x000007fefce20000 - 0x000007fefce38000 	C:\Windows\system32\CRYPTSP.dll
0x000007fefcb00000 - 0x000007fefcb47000 	C:\Windows\system32\rsaenh.dll
0x000007fefcbf0000 - 0x000007fefcc0f000 	C:\Windows\system32\USERENV.dll
0x000007fefd820000 - 0x000007fefd82f000 	C:\Windows\system32\CRYPTBASE.dll
0x000007fefaa90000 - 0x000007fefaaa8000 	C:\Windows\system32\dhcpcsvc.DLL
0x000007fefaa70000 - 0x000007fefaa81000 	C:\Windows\system32\dhcpcsvc6.DLL
0x000007fefc780000 - 0x000007fefc795000 	C:\Windows\system32\NLAapi.dll
0x000007fef9a20000 - 0x000007fef9a35000 	C:\Windows\system32\napinsp.dll
0x000007fef9a00000 - 0x000007fef9a19000 	C:\Windows\system32\pnrpnsp.dll
0x000007fef99f0000 - 0x000007fef99fb000 	C:\Windows\System32\winrnr.dll
0x000007fefc520000 - 0x000007fefc645000 	C:\Windows\system32\dbghelp.dll

VM Arguments:
jvm_args: -XX:TieredStopAtLevel=1 -Xverify:none -Dspring.output.ansi.enabled=always -Dcom.sun.management.jmxremote -Dspring.jmx.enabled=true -Dspring.liveBeansView.mbeanDomain -Dspring.application.admin.enabled=true -javaagent:D:\JetBrains\IntelliJ IDEA 2019.2.1\lib\idea_rt.jar=59059:D:\JetBrains\IntelliJ IDEA 2019.2.1\bin -Dfile.encoding=UTF-8 
java_command: com.csr.csrcheck.CsrcheckApplication
java_class_path (initial): D:\java\jre\lib\charsets.jar;D:\java\jre\lib\deploy.jar;D:\java\jre\lib\ext\access-bridge-64.jar;D:\java\jre\lib\ext\cldrdata.jar;D:\java\jre\lib\ext\dnsns.jar;D:\java\jre\lib\ext\jaccess.jar;D:\java\jre\lib\ext\jfxrt.jar;D:\java\jre\lib\ext\localedata.jar;D:\java\jre\lib\ext\nashorn.jar;D:\java\jre\lib\ext\sunec.jar;D:\java\jre\lib\ext\sunjce_provider.jar;D:\java\jre\lib\ext\sunmscapi.jar;D:\java\jre\lib\ext\sunpkcs11.jar;D:\java\jre\lib\ext\zipfs.jar;D:\java\jre\lib\javaws.jar;D:\java\jre\lib\jce.jar;D:\java\jre\lib\jfr.jar;D:\java\jre\lib\jfxswt.jar;D:\java\jre\lib\jsse.jar;D:\java\jre\lib\management-agent.jar;D:\java\jre\lib\plugin.jar;D:\java\jre\lib\resources.jar;D:\java\jre\lib\rt.jar;D:\java;C:\Users\Administrator\Desktop\csrcheck\csrcheck\target\classes;C:\Users\Administrator\.m2\repository\org\springframework\boot\spring-boot-starter-web\2.1.9.RELEASE\spring-boot-starter-web-2.1.9.RELEASE.jar;C:\Users\Administrator\.m2\repository\org\springframework\boot\spring-boot-starter\2.1.9.RELEASE\spring-boot-starter-2.1.9.RELEASE.jar;C:\Users\Administrator\.m2\repository\org\springframework\boot\spring-boot\2.1.9.RELEASE\spring-boot-2.1.9.RELEASE.jar;C:\Users\Administrator\.m2\repository\org\springframework\boot\spring-boot-autoconfigure\2.1.9.RELEASE\spring-boot-autoconfigure-2.1.9.RELEASE.jar;C:\Users\Administrator\.m2\repository\org\springframework\boot\spring-boot-starter-logging\2.1.9.RELEASE\spring-boot-starter-logging-2.1.9.RELEASE.jar;C:\Users\Administrator\.m2\repository\ch\qos\logback\logback-classic\1.2.3\logback-classic-1.2.3.jar;C:\Users\Administrator\.m2\repository\ch\qos\logback\logback-core\1.2.3\logback-core-1.2.3.jar;C:\Users\Administrator\.m2\repository\org\apache\logging\log4j\log4j-to-slf4j\2.11.2\log4j-to-slf4j-2.11.2.jar;C:\Users\Administrator\.m2\repository\org\apache\logging\log4j\log4j-api\2.11.2\log4j-api-2.11.2.jar;C:\Users\Administrator\.m2\repository\org\slf4j\jul-to-slf4j\1.7.28\jul-to-slf4j-1.7.28.jar;C:\
Launcher Type: SUN_STANDARD

Environment Variables:
JAVA_HOME=D:\java
CLASSPATH=.;D:\java\lib;D:\java\lib\tools.jar
PATH=C:\Program Files (x86)\Common Files\Oracle\Java\javapath;C:\Windows\system32;C:\Windows;C:\Windows\System32\Wbem;C:\Windows\System32\WindowsPowerShell\v1.0\;D:\java\bin;D:\java\jre\bin;D:\apache-maven-3.6.1-bin\apache-maven-3.6.1\bin\;C:\Users\Administrator\AppData\Local\Programs\Python\Python37-32\;D:\Program Files\Git\cmd;C:\Users\Administrator\AppData\Local\Programs\Python\Python37-32\Scripts\;C:\Users\Administrator\AppData\Local\Programs\Python\Python37-32\;C:\Users\Administrator\AppData\Local\GitHubDesktop\bin;D:\Program Files\JetBrains\PyCharm 2019.2.2\bin;;D:\Program Files\JetBrains\DataGrip 2019.2.4\bin;;D:\Program Files\JetBrains\PyCharm Community Edition 2019.2.2\bin;
USERNAME=Administrator
OS=Windows_NT
PROCESSOR_IDENTIFIER=Intel64 Family 6 Model 23 Stepping 6, GenuineIntel



---------------  S Y S T E M  ---------------

OS: Windows 7 , 64 bit Build 7601 (6.1.7601.24535)

CPU:total 4 (initial active 4) (4 cores per cpu, 1 threads per core) family 6 model 23 stepping 6, cmov, cx8, fxsr, mmx, sse, sse2, sse3, ssse3, sse4.1, tsc

Memory: 4k page, physical 4184440k(628104k free), swap 8366980k(3052752k free)

vm_info: Java HotSpot(TM) 64-Bit Server VM (25.191-b12) for windows-amd64 JRE (1.8.0_191-b12), built on Oct  6 2018 09:29:03 by "java_re" with MS VC++ 10.0 (VS2010)

time: Fri Nov 15 17:59:40 2019
elapsed time: 2 seconds (0d 0h 0m 2s)

